{"/home/wesley/Trybe/App de Receitas2/sd-033-a-project-recipes-app-ts/app/backend/src/app.ts":{"path":"/home/wesley/Trybe/App de Receitas2/sd-033-a-project-recipes-app-ts/app/backend/src/app.ts","statementMap":{"0":{"start":{"line":2,"column":0},"end":{"line":2,"column":62}},"1":{"start":{"line":3,"column":0},"end":{"line":3,"column":35}},"2":{"start":{"line":4,"column":16},"end":{"line":4,"column":34}},"3":{"start":{"line":5,"column":0},"end":{"line":5,"column":32}},"4":{"start":{"line":6,"column":17},"end":{"line":6,"column":36}},"5":{"start":{"line":9,"column":8},"end":{"line":9,"column":29}},"6":{"start":{"line":10,"column":8},"end":{"line":10,"column":22}},"7":{"start":{"line":11,"column":8},"end":{"line":11,"column":22}},"8":{"start":{"line":13,"column":8},"end":{"line":13,"column":64}},"9":{"start":{"line":13,"column":40},"end":{"line":13,"column":62}},"10":{"start":{"line":16,"column":30},"end":{"line":21,"column":9}},"11":{"start":{"line":17,"column":12},"end":{"line":17,"column":59}},"12":{"start":{"line":18,"column":12},"end":{"line":18,"column":92}},"13":{"start":{"line":19,"column":12},"end":{"line":19,"column":60}},"14":{"start":{"line":20,"column":12},"end":{"line":20,"column":19}},"15":{"start":{"line":22,"column":8},"end":{"line":22,"column":37}},"16":{"start":{"line":23,"column":8},"end":{"line":23,"column":36}},"17":{"start":{"line":26,"column":8},"end":{"line":26,"column":76}},"18":{"start":{"line":26,"column":36},"end":{"line":26,"column":74}},"19":{"start":{"line":29,"column":8},"end":{"line":29,"column":39}},"20":{"start":{"line":32,"column":0},"end":{"line":32,"column":18}},"21":{"start":{"line":34,"column":0},"end":{"line":34,"column":28}}},"fnMap":{"0":{"name":"(anonymous_0)","decl":{"start":{"line":8,"column":4},"end":{"line":8,"column":5}},"loc":{"start":{"line":8,"column":18},"end":{"line":14,"column":5}},"line":8},"1":{"name":"(anonymous_1)","decl":{"start":{"line":13,"column":26},"end":{"line":13,"column":27}},"loc":{"start":{"line":13,"column":40},"end":{"line":13,"column":62}},"line":13},"2":{"name":"(anonymous_2)","decl":{"start":{"line":15,"column":4},"end":{"line":15,"column":5}},"loc":{"start":{"line":15,"column":13},"end":{"line":24,"column":5}},"line":15},"3":{"name":"(anonymous_3)","decl":{"start":{"line":16,"column":30},"end":{"line":16,"column":31}},"loc":{"start":{"line":16,"column":51},"end":{"line":21,"column":9}},"line":16},"4":{"name":"(anonymous_4)","decl":{"start":{"line":25,"column":4},"end":{"line":25,"column":5}},"loc":{"start":{"line":25,"column":16},"end":{"line":27,"column":5}},"line":25},"5":{"name":"(anonymous_5)","decl":{"start":{"line":26,"column":30},"end":{"line":26,"column":31}},"loc":{"start":{"line":26,"column":36},"end":{"line":26,"column":74}},"line":26},"6":{"name":"(anonymous_6)","decl":{"start":{"line":28,"column":4},"end":{"line":28,"column":5}},"loc":{"start":{"line":28,"column":13},"end":{"line":30,"column":5}},"line":28}},"branchMap":{},"s":{"0":1,"1":1,"2":1,"3":1,"4":1,"5":1,"6":1,"7":1,"8":1,"9":0,"10":1,"11":38,"12":38,"13":38,"14":38,"15":1,"16":1,"17":0,"18":0,"19":1,"20":1,"21":1},"f":{"0":1,"1":0,"2":1,"3":38,"4":0,"5":0,"6":1},"b":{},"inputSourceMap":{"version":3,"file":"/home/wesley/Trybe/App de Receitas2/sd-033-a-project-recipes-app-ts/app/backend/src/app.ts","sources":["/home/wesley/Trybe/App de Receitas2/sd-033-a-project-recipes-app-ts/app/backend/src/app.ts"],"names":[],"mappings":";;;AAAA,mCAAmC;AACnC,gCAA8B;AAC9B,qCAA8B;AAE9B,MAAM,GAAG;IAGP;QACE,IAAI,CAAC,GAAG,GAAG,OAAO,EAAE,CAAC;QAErB,IAAI,CAAC,MAAM,EAAE,CAAC;QAEd,IAAI,CAAC,MAAM,EAAE,CAAC;QAEd,wBAAwB;QACxB,IAAI,CAAC,GAAG,CAAC,GAAG,CAAC,GAAG,EAAE,CAAC,GAAG,EAAE,GAAG,EAAE,EAAE,CAAC,GAAG,CAAC,IAAI,CAAC,EAAE,EAAE,EAAE,IAAI,EAAE,CAAC,CAAC,CAAC;IAC1D,CAAC;IAEO,MAAM;QACZ,MAAM,aAAa,GAA2B,CAAC,IAAI,EAAE,GAAG,EAAE,IAAI,EAAE,EAAE;YAChE,GAAG,CAAC,MAAM,CAAC,6BAA6B,EAAE,GAAG,CAAC,CAAC;YAC/C,GAAG,CAAC,MAAM,CAAC,8BAA8B,EAAE,mCAAmC,CAAC,CAAC;YAChF,GAAG,CAAC,MAAM,CAAC,8BAA8B,EAAE,GAAG,CAAC,CAAC;YAChD,IAAI,EAAE,CAAC;QACT,CAAC,CAAC;QAEF,IAAI,CAAC,GAAG,CAAC,GAAG,CAAC,OAAO,CAAC,IAAI,EAAE,CAAC,CAAC;QAC7B,IAAI,CAAC,GAAG,CAAC,GAAG,CAAC,aAAa,CAAC,CAAC;IAC9B,CAAC;IAEM,KAAK,CAAC,IAAqB;QAChC,IAAI,CAAC,GAAG,CAAC,MAAM,CAAC,IAAI,EAAE,GAAG,EAAE,CAAC,OAAO,CAAC,GAAG,CAAC,mBAAmB,IAAI,EAAE,CAAC,CAAC,CAAC;IACtE,CAAC;IAEO,MAAM;QACZ,IAAI,CAAC,GAAG,CAAC,GAAG,CAAC,gBAAM,CAAC,CAAC;IACvB,CAAC;CACF;AAEQ,kBAAG;AAEZ,2FAA2F;AAC5E,WAAG,GAAK,IAAI,GAAG,EAAE,KAAC","sourcesContent":["import * as express from 'express';\nimport 'express-async-errors';\nimport router from './routes';\n\nclass App {\n  public app: express.Express;\n\n  constructor() {\n    this.app = express();\n\n    this.config();\n\n    this.routes();\n\n    // Não remover essa rota\n    this.app.get('/', (req, res) => res.json({ ok: true }));\n  }\n\n  private config():void {\n    const accessControl: express.RequestHandler = (_req, res, next) => {\n      res.header('Access-Control-Allow-Origin', '*');\n      res.header('Access-Control-Allow-Methods', 'GET,POST,DELETE,OPTIONS,PUT,PATCH');\n      res.header('Access-Control-Allow-Headers', '*');\n      next();\n    };\n\n    this.app.use(express.json());\n    this.app.use(accessControl);\n  }\n\n  public start(PORT: string | number): void {\n    this.app.listen(PORT, () => console.log(`Running on port ${PORT}`));\n  }\n\n  private routes(): void {\n    this.app.use(router);\n  }\n}\n\nexport { App };\n\n// Essa segunda exportação é estratégica, e a execução dos testes de cobertura depende dela\nexport const { app } = new App();"]},"_coverageSchema":"1a1c01bbd47fc00a2c39e90264f33305004495a9","hash":"22403ac94d59f57cf855d145912b5037e99f5021","contentHash":"1960fca1c862dff615e28d5aa40f4b1c82df6869f940a6964fdf9d5a12c88cf1"},"/home/wesley/Trybe/App de Receitas2/sd-033-a-project-recipes-app-ts/app/backend/src/routes/index.ts":{"path":"/home/wesley/Trybe/App de Receitas2/sd-033-a-project-recipes-app-ts/app/backend/src/routes/index.ts","statementMap":{"0":{"start":{"line":2,"column":0},"end":{"line":2,"column":62}},"1":{"start":{"line":3,"column":18},"end":{"line":3,"column":36}},"2":{"start":{"line":4,"column":24},"end":{"line":4,"column":50}},"3":{"start":{"line":5,"column":23},"end":{"line":5,"column":48}},"4":{"start":{"line":6,"column":22},"end":{"line":6,"column":46}},"5":{"start":{"line":7,"column":25},"end":{"line":7,"column":52}},"6":{"start":{"line":8,"column":15},"end":{"line":8,"column":38}},"7":{"start":{"line":9,"column":0},"end":{"line":9,"column":43}},"8":{"start":{"line":10,"column":0},"end":{"line":10,"column":47}},"9":{"start":{"line":11,"column":0},"end":{"line":11,"column":45}},"10":{"start":{"line":12,"column":0},"end":{"line":12,"column":49}},"11":{"start":{"line":13,"column":0},"end":{"line":13,"column":25}}},"fnMap":{},"branchMap":{},"s":{"0":1,"1":1,"2":1,"3":1,"4":1,"5":1,"6":1,"7":1,"8":1,"9":1,"10":1,"11":1},"f":{},"b":{},"inputSourceMap":{"version":3,"file":"/home/wesley/Trybe/App de Receitas2/sd-033-a-project-recipes-app-ts/app/backend/src/routes/index.ts","sources":["/home/wesley/Trybe/App de Receitas2/sd-033-a-project-recipes-app-ts/app/backend/src/routes/index.ts"],"names":[],"mappings":";;AACA,qCAAiC;AACjC,mDAA2C;AAC3C,iDAAyC;AACzC,+CAAuC;AACvC,qDAA4C;AAE5C,MAAM,MAAM,GAAG,IAAA,gBAAM,GAAE,CAAC;AAExB,MAAM,CAAC,GAAG,CAAC,OAAO,EAAE,qBAAU,CAAC,CAAC;AAChC,MAAM,CAAC,GAAG,CAAC,SAAS,EAAE,uBAAY,CAAC,CAAC;AACpC,MAAM,CAAC,GAAG,CAAC,QAAQ,EAAE,sBAAW,CAAC,CAAC;AAClC,MAAM,CAAC,GAAG,CAAC,UAAU,EAAE,wBAAa,CAAC,CAAA;AAErC,kBAAe,MAAM,CAAC","sourcesContent":["\nimport { Router } from 'express';\nimport drinksRouter from './drinks.routes';\nimport mealsRouter from \"./meals.routes\";\nimport userRouter from './user.routes';\nimport profileRouter from './profile.routes'\n\nconst router = Router();\n\nrouter.use('/user', userRouter);\nrouter.use('/drinks', drinksRouter);\nrouter.use('/meals', mealsRouter);\nrouter.use('/profile', profileRouter)\n\nexport default router;\n\n"]},"_coverageSchema":"1a1c01bbd47fc00a2c39e90264f33305004495a9","hash":"3af1f40ae08a651ab713f39d5f90822d36443af8","contentHash":"3431ecdacec2c4022d4cce3c61b02ac2ef829bab5f4410000783867adc558f63"},"/home/wesley/Trybe/App de Receitas2/sd-033-a-project-recipes-app-ts/app/backend/src/routes/drinks.routes.ts":{"path":"/home/wesley/Trybe/App de Receitas2/sd-033-a-project-recipes-app-ts/app/backend/src/routes/drinks.routes.ts","statementMap":{"0":{"start":{"line":2,"column":0},"end":{"line":2,"column":62}},"1":{"start":{"line":3,"column":18},"end":{"line":3,"column":36}},"2":{"start":{"line":4,"column":27},"end":{"line":4,"column":69}},"3":{"start":{"line":5,"column":25},"end":{"line":5,"column":65}},"4":{"start":{"line":6,"column":24},"end":{"line":6,"column":56}},"5":{"start":{"line":7,"column":21},"end":{"line":7,"column":44}},"6":{"start":{"line":8,"column":0},"end":{"line":8,"column":111}},"7":{"start":{"line":8,"column":71},"end":{"line":8,"column":109}},"8":{"start":{"line":9,"column":0},"end":{"line":9,"column":123}},"9":{"start":{"line":9,"column":73},"end":{"line":9,"column":121}},"10":{"start":{"line":10,"column":0},"end":{"line":10,"column":121}},"11":{"start":{"line":10,"column":75},"end":{"line":10,"column":119}},"12":{"start":{"line":11,"column":0},"end":{"line":11,"column":121}},"13":{"start":{"line":11,"column":77},"end":{"line":11,"column":119}},"14":{"start":{"line":12,"column":0},"end":{"line":12,"column":115}},"15":{"start":{"line":12,"column":73},"end":{"line":12,"column":113}},"16":{"start":{"line":13,"column":0},"end":{"line":13,"column":123}},"17":{"start":{"line":13,"column":78},"end":{"line":13,"column":121}},"18":{"start":{"line":14,"column":0},"end":{"line":14,"column":120}},"19":{"start":{"line":14,"column":77},"end":{"line":14,"column":118}},"20":{"start":{"line":15,"column":0},"end":{"line":15,"column":105}},"21":{"start":{"line":15,"column":70},"end":{"line":15,"column":103}},"22":{"start":{"line":16,"column":0},"end":{"line":16,"column":124}},"23":{"start":{"line":16,"column":78},"end":{"line":16,"column":122}},"24":{"start":{"line":17,"column":0},"end":{"line":17,"column":133}},"25":{"start":{"line":17,"column":81},"end":{"line":17,"column":131}},"26":{"start":{"line":18,"column":0},"end":{"line":18,"column":137}},"27":{"start":{"line":18,"column":83},"end":{"line":18,"column":135}},"28":{"start":{"line":19,"column":0},"end":{"line":19,"column":98}},"29":{"start":{"line":19,"column":52},"end":{"line":19,"column":96}},"30":{"start":{"line":20,"column":0},"end":{"line":20,"column":128}},"31":{"start":{"line":20,"column":81},"end":{"line":20,"column":126}},"32":{"start":{"line":21,"column":0},"end":{"line":21,"column":92}},"33":{"start":{"line":21,"column":52},"end":{"line":21,"column":90}},"34":{"start":{"line":22,"column":0},"end":{"line":22,"column":96}},"35":{"start":{"line":22,"column":54},"end":{"line":22,"column":94}},"36":{"start":{"line":23,"column":0},"end":{"line":23,"column":31}}},"fnMap":{"0":{"name":"(anonymous_0)","decl":{"start":{"line":8,"column":57},"end":{"line":8,"column":58}},"loc":{"start":{"line":8,"column":71},"end":{"line":8,"column":109}},"line":8},"1":{"name":"(anonymous_1)","decl":{"start":{"line":9,"column":59},"end":{"line":9,"column":60}},"loc":{"start":{"line":9,"column":73},"end":{"line":9,"column":121}},"line":9},"2":{"name":"(anonymous_2)","decl":{"start":{"line":10,"column":61},"end":{"line":10,"column":62}},"loc":{"start":{"line":10,"column":75},"end":{"line":10,"column":119}},"line":10},"3":{"name":"(anonymous_3)","decl":{"start":{"line":11,"column":63},"end":{"line":11,"column":64}},"loc":{"start":{"line":11,"column":77},"end":{"line":11,"column":119}},"line":11},"4":{"name":"(anonymous_4)","decl":{"start":{"line":12,"column":59},"end":{"line":12,"column":60}},"loc":{"start":{"line":12,"column":73},"end":{"line":12,"column":113}},"line":12},"5":{"name":"(anonymous_5)","decl":{"start":{"line":13,"column":64},"end":{"line":13,"column":65}},"loc":{"start":{"line":13,"column":78},"end":{"line":13,"column":121}},"line":13},"6":{"name":"(anonymous_6)","decl":{"start":{"line":14,"column":63},"end":{"line":14,"column":64}},"loc":{"start":{"line":14,"column":77},"end":{"line":14,"column":118}},"line":14},"7":{"name":"(anonymous_7)","decl":{"start":{"line":15,"column":56},"end":{"line":15,"column":57}},"loc":{"start":{"line":15,"column":70},"end":{"line":15,"column":103}},"line":15},"8":{"name":"(anonymous_8)","decl":{"start":{"line":16,"column":64},"end":{"line":16,"column":65}},"loc":{"start":{"line":16,"column":78},"end":{"line":16,"column":122}},"line":16},"9":{"name":"(anonymous_9)","decl":{"start":{"line":17,"column":67},"end":{"line":17,"column":68}},"loc":{"start":{"line":17,"column":81},"end":{"line":17,"column":131}},"line":17},"10":{"name":"(anonymous_10)","decl":{"start":{"line":18,"column":69},"end":{"line":18,"column":70}},"loc":{"start":{"line":18,"column":83},"end":{"line":18,"column":135}},"line":18},"11":{"name":"(anonymous_11)","decl":{"start":{"line":19,"column":38},"end":{"line":19,"column":39}},"loc":{"start":{"line":19,"column":52},"end":{"line":19,"column":96}},"line":19},"12":{"name":"(anonymous_12)","decl":{"start":{"line":20,"column":67},"end":{"line":20,"column":68}},"loc":{"start":{"line":20,"column":81},"end":{"line":20,"column":126}},"line":20},"13":{"name":"(anonymous_13)","decl":{"start":{"line":21,"column":38},"end":{"line":21,"column":39}},"loc":{"start":{"line":21,"column":52},"end":{"line":21,"column":90}},"line":21},"14":{"name":"(anonymous_14)","decl":{"start":{"line":22,"column":40},"end":{"line":22,"column":41}},"loc":{"start":{"line":22,"column":54},"end":{"line":22,"column":94}},"line":22}},"branchMap":{},"s":{"0":1,"1":1,"2":1,"3":1,"4":1,"5":1,"6":1,"7":0,"8":1,"9":0,"10":1,"11":0,"12":1,"13":0,"14":1,"15":0,"16":1,"17":0,"18":1,"19":0,"20":1,"21":0,"22":1,"23":0,"24":1,"25":0,"26":1,"27":0,"28":1,"29":0,"30":1,"31":0,"32":1,"33":0,"34":1,"35":0,"36":1},"f":{"0":0,"1":0,"2":0,"3":0,"4":0,"5":0,"6":0,"7":0,"8":0,"9":0,"10":0,"11":0,"12":0,"13":0,"14":0},"b":{},"inputSourceMap":{"version":3,"file":"/home/wesley/Trybe/App de Receitas2/sd-033-a-project-recipes-app-ts/app/backend/src/routes/drinks.routes.ts","sources":["/home/wesley/Trybe/App de Receitas2/sd-033-a-project-recipes-app-ts/app/backend/src/routes/drinks.routes.ts"],"names":[],"mappings":";;AAAA,qCAAoD;AACpD,sEAA8D;AAC9D,kEAA0D;AAG1D,MAAM,eAAe,GAAG,IAAI,0BAAe,EAAE,CAAC;AAE9C,MAAM,YAAY,GAAG,IAAA,gBAAM,GAAE,CAAC;AAE9B,YAAY,CAAC,GAAG,CACd,OAAO,EACP,wBAAa,CAAC,IAAI,EAClB,CAAC,GAAY,EAAE,GAAa,EAAE,EAAE,CAAC,eAAe,CAAC,YAAY,CAAC,GAAG,EAAE,GAAG,CAAC,CACxE,CAAC;AAEF,YAAY,CAAC,GAAG,CACd,SAAS,EACT,wBAAa,CAAC,IAAI,EAClB,CAAC,GAAY,EAAE,GAAa,EAAE,EAAE,CAAC,eAAe,CAAC,sBAAsB,CAAC,GAAG,EAAE,GAAG,CAAC,CAClF,CAAC;AAEF,YAAY,CAAC,GAAG,CACd,WAAW,EACX,wBAAa,CAAC,IAAI,EAClB,CAAC,GAAY,EAAE,GAAa,EAAE,EAAE,CAAC,eAAe,CAAC,kBAAkB,CAAC,GAAG,EAAE,GAAG,CAAC,CAC9E,CAAC;AAEF,YAAY,CAAC,GAAG,CACd,aAAa,EACb,wBAAa,CAAC,IAAI,EAClB,CAAC,GAAY,EAAE,GAAa,EAAE,EAAE,CAAC,eAAe,CAAC,gBAAgB,CAAC,GAAG,EAAE,GAAG,CAAC,CAC5E,CAAC;AAEF,YAAY,CAAC,GAAG,CACd,SAAS,EACT,wBAAa,CAAC,IAAI,EAClB,CAAC,GAAY,EAAE,GAAa,EAAE,EAAE,CAAC,eAAe,CAAC,cAAc,CAAC,GAAG,EAAE,GAAG,CAAC,CAC1E,CAAC;AAEF,YAAY,CAAC,GAAG,CACd,cAAc,EACd,wBAAa,CAAC,IAAI,EAClB,CAAC,GAAY,EAAE,GAAa,EAAE,EAAE,CAAC,eAAe,CAAC,iBAAiB,CAAC,GAAG,EAAE,GAAG,CAAC,CAC7E,CAAC;AAEF,YAAY,CAAC,GAAG,CACd,aAAa,EACb,wBAAa,CAAC,IAAI,EAClB,CAAC,GAAY,EAAE,GAAa,EAAE,EAAE,CAAC,eAAe,CAAC,eAAe,CAAC,GAAG,EAAE,GAAG,CAAC,CAC3E,CAAC;AAEF,YAAY,CAAC,GAAG,CACd,MAAM,EACN,wBAAa,CAAC,IAAI,EAClB,CAAC,GAAY,EAAE,GAAa,EAAE,EAAE,CAAC,eAAe,CAAC,OAAO,CAAC,GAAG,EAAE,GAAG,CAAC,CACnE,CAAC;AAEF,YAAY,CAAC,IAAI,CACf,aAAa,EACb,wBAAa,CAAC,IAAI,EAClB,CAAC,GAAY,EAAE,GAAa,EAAE,EAAE,CAAC,eAAe,CAAC,kBAAkB,CAAC,GAAG,EAAE,GAAG,CAAC,CAC9E,CAAC;AAEF,YAAY,CAAC,GAAG,CACd,iBAAiB,EACjB,wBAAa,CAAC,IAAI,EAClB,CAAC,GAAY,EAAE,GAAa,EAAE,EAAE,CAAC,eAAe,CAAC,wBAAwB,CAAC,GAAG,EAAE,GAAG,CAAC,CACpF,CAAC;AACF,YAAY,CAAC,KAAK,CAChB,iBAAiB,EACjB,wBAAa,CAAC,IAAI,EAClB,CAAC,GAAY,EAAE,GAAa,EAAE,EAAE,CAAC,eAAe,CAAC,0BAA0B,CAAC,GAAG,EAAE,GAAG,CAAC,CACtF,CAAC;AACF,YAAY,CAAC,GAAG,CACd,mBAAmB,EAEnB,CAAC,GAAY,EAAE,GAAa,EAAE,EAAE,CAAC,eAAe,CAAC,kBAAkB,CAAC,GAAG,EAAE,GAAG,CAAC,CAC9E,CAAC;AACF,YAAY,CAAC,IAAI,CACf,gBAAgB,EAChB,wBAAa,CAAC,IAAI,EAClB,CAAC,GAAY,EAAE,GAAa,EAAE,EAAE,CAAC,eAAe,CAAC,mBAAmB,CAAC,GAAG,EAAE,GAAG,CAAC,CAC/E,CAAC;AACF,YAAY,CAAC,IAAI,CACf,kBAAkB,EAElB,CAAC,GAAY,EAAE,GAAa,EAAE,EAAE,CAAC,eAAe,CAAC,YAAY,CAAC,GAAG,EAAE,GAAG,CAAC,CACxE,CAAC;AACF,YAAY,CAAC,GAAG,CACd,qBAAqB,EAErB,CAAC,GAAY,EAAE,GAAa,EAAE,EAAE,CAAC,eAAe,CAAC,cAAc,CAAC,GAAG,EAAE,GAAG,CAAC,CAC1E,CAAC;AAEF,kBAAe,YAAY,CAAC","sourcesContent":["import { Request, Router, Response } from 'express';\nimport DrinkController from '../controllers/DrinksController';\nimport Authorization from '../middlewares/auth.middlware';\nimport DrinksController from '../controllers/DrinksController';\n\nconst drinkController = new DrinkController();\n\nconst drinksRouter = Router();\n\ndrinksRouter.get(\n  '/name',\n  Authorization.auth,\n  (req: Request, res: Response) => drinkController.getAllDrinks(req, res)\n);\n\ndrinksRouter.get(\n  '/letter',\n  Authorization.auth,\n  (req: Request, res: Response) => drinkController.getDrinksByFirstLetter(req, res)\n);\n\ndrinksRouter.get(\n  '/category',\n  Authorization.auth,\n  (req: Request, res: Response) => drinkController.getDrinkByCategory(req, res)\n);\n\ndrinksRouter.get(\n  '/categories',\n  Authorization.auth,\n  (req: Request, res: Response) => drinkController.getAllCategories(req, res)\n);\n\ndrinksRouter.get(\n  '/random',\n  Authorization.auth,\n  (req: Request, res: Response) => drinkController.getRandomDrink(req, res)\n);\n\ndrinksRouter.get(\n  '/ingredients',\n  Authorization.auth,\n  (req: Request, res: Response) => drinkController.getAllIngredients(req, res)\n);\n\ndrinksRouter.get(\n  '/ingredient',\n  Authorization.auth,\n  (req: Request, res: Response) => drinkController.getByIngredient(req, res)\n);\n\ndrinksRouter.get(\n  '/:id',\n  Authorization.auth,\n  (req: Request, res: Response) => drinkController.getById(req, res)\n);\n\ndrinksRouter.post(\n  '/inprogress',\n  Authorization.auth,\n  (req: Request, res: Response) => drinkController.addDrinkInProgress(req, res)\n);\n\ndrinksRouter.get(\n  '/inprogress/:id',\n  Authorization.auth,\n  (req: Request, res: Response) => drinkController.findRecipeInProgressById(req, res)\n);\ndrinksRouter.patch(\n  '/inprogress/:id',\n  Authorization.auth,\n  (req: Request, res: Response) => drinkController.updateRecipeInProgressById(req, res)\n);\ndrinksRouter.get(\n  '/favorites/search',\n  \n  (req: Request, res: Response) => drinkController.getFavoriteRecipes(req, res)\n);\ndrinksRouter.post(\n  '/favorites/:id',\n  Authorization.auth,\n  (req: Request, res: Response) => drinkController.favoriteDrinkRecipe(req, res)\n);\ndrinksRouter.post(\n  '/donerecipes/:id',\n \n  (req: Request, res: Response) => drinkController.addDoneDrink(req, res)\n);\ndrinksRouter.get(\n  '/donerecipes/search',\n  \n  (req: Request, res: Response) => drinkController.getDoneRecipes(req, res)\n);\n\nexport default drinksRouter;\n"]},"_coverageSchema":"1a1c01bbd47fc00a2c39e90264f33305004495a9","hash":"39fe0c81e5b0bcd9ba56907f297ddee8fcc9d70f","contentHash":"84cafb009df766c1f5f624f673e8476108a51d81bda2d559f85bfe9b56675e4e"},"/home/wesley/Trybe/App de Receitas2/sd-033-a-project-recipes-app-ts/app/backend/src/controllers/DrinksController.ts":{"path":"/home/wesley/Trybe/App de Receitas2/sd-033-a-project-recipes-app-ts/app/backend/src/controllers/DrinksController.ts","statementMap":{"0":{"start":{"line":2,"column":0},"end":{"line":2,"column":62}},"1":{"start":{"line":3,"column":24},"end":{"line":3,"column":57}},"2":{"start":{"line":4,"column":24},"end":{"line":4,"column":60}},"3":{"start":{"line":7,"column":8},"end":{"line":7,"column":41}},"4":{"start":{"line":10,"column":22},"end":{"line":10,"column":31}},"5":{"start":{"line":11,"column":8},"end":{"line":14,"column":9}},"6":{"start":{"line":12,"column":37},"end":{"line":12,"column":72}},"7":{"start":{"line":13,"column":12},"end":{"line":13,"column":79}},"8":{"start":{"line":15,"column":33},"end":{"line":15,"column":74}},"9":{"start":{"line":16,"column":8},"end":{"line":16,"column":75}},"10":{"start":{"line":19,"column":23},"end":{"line":19,"column":33}},"11":{"start":{"line":20,"column":33},"end":{"line":20,"column":76}},"12":{"start":{"line":21,"column":8},"end":{"line":21,"column":75}},"13":{"start":{"line":24,"column":22},"end":{"line":24,"column":31}},"14":{"start":{"line":25,"column":33},"end":{"line":25,"column":82}},"15":{"start":{"line":26,"column":8},"end":{"line":26,"column":75}},"16":{"start":{"line":29,"column":33},"end":{"line":29,"column":75}},"17":{"start":{"line":30,"column":8},"end":{"line":30,"column":75}},"18":{"start":{"line":33,"column":22},"end":{"line":33,"column":31}},"19":{"start":{"line":34,"column":33},"end":{"line":34,"column":78}},"20":{"start":{"line":35,"column":8},"end":{"line":35,"column":75}},"21":{"start":{"line":38,"column":33},"end":{"line":38,"column":73}},"22":{"start":{"line":39,"column":8},"end":{"line":39,"column":75}},"23":{"start":{"line":42,"column":22},"end":{"line":42,"column":31}},"24":{"start":{"line":43,"column":33},"end":{"line":43,"column":76}},"25":{"start":{"line":44,"column":8},"end":{"line":44,"column":75}},"26":{"start":{"line":47,"column":33},"end":{"line":47,"column":76}},"27":{"start":{"line":48,"column":8},"end":{"line":48,"column":75}},"28":{"start":{"line":51,"column":27},"end":{"line":51,"column":35}},"29":{"start":{"line":52,"column":33},"end":{"line":52,"column":87}},"30":{"start":{"line":53,"column":8},"end":{"line":53,"column":75}},"31":{"start":{"line":56,"column":23},"end":{"line":56,"column":33}},"32":{"start":{"line":57,"column":25},"end":{"line":57,"column":34}},"33":{"start":{"line":58,"column":33},"end":{"line":61,"column":10}},"34":{"start":{"line":62,"column":8},"end":{"line":62,"column":75}},"35":{"start":{"line":65,"column":23},"end":{"line":65,"column":33}},"36":{"start":{"line":66,"column":25},"end":{"line":66,"column":34}},"37":{"start":{"line":67,"column":38},"end":{"line":67,"column":46}},"38":{"start":{"line":68,"column":33},"end":{"line":72,"column":10}},"39":{"start":{"line":73,"column":8},"end":{"line":73,"column":75}},"40":{"start":{"line":76,"column":23},"end":{"line":76,"column":33}},"41":{"start":{"line":77,"column":27},"end":{"line":77,"column":35}},"42":{"start":{"line":78,"column":33},"end":{"line":78,"column":96}},"43":{"start":{"line":79,"column":8},"end":{"line":79,"column":75}},"44":{"start":{"line":82,"column":25},"end":{"line":82,"column":34}},"45":{"start":{"line":83,"column":33},"end":{"line":83,"column":89}},"46":{"start":{"line":84,"column":8},"end":{"line":84,"column":75}},"47":{"start":{"line":87,"column":23},"end":{"line":87,"column":33}},"48":{"start":{"line":88,"column":27},"end":{"line":88,"column":35}},"49":{"start":{"line":89,"column":33},"end":{"line":89,"column":89}},"50":{"start":{"line":90,"column":8},"end":{"line":90,"column":75}},"51":{"start":{"line":93,"column":25},"end":{"line":93,"column":34}},"52":{"start":{"line":94,"column":33},"end":{"line":94,"column":85}},"53":{"start":{"line":95,"column":8},"end":{"line":95,"column":75}},"54":{"start":{"line":98,"column":0},"end":{"line":98,"column":35}}},"fnMap":{"0":{"name":"(anonymous_0)","decl":{"start":{"line":6,"column":4},"end":{"line":6,"column":5}},"loc":{"start":{"line":6,"column":62},"end":{"line":8,"column":5}},"line":6},"1":{"name":"(anonymous_1)","decl":{"start":{"line":9,"column":4},"end":{"line":9,"column":5}},"loc":{"start":{"line":9,"column":33},"end":{"line":17,"column":5}},"line":9},"2":{"name":"(anonymous_2)","decl":{"start":{"line":18,"column":4},"end":{"line":18,"column":5}},"loc":{"start":{"line":18,"column":28},"end":{"line":22,"column":5}},"line":18},"3":{"name":"(anonymous_3)","decl":{"start":{"line":23,"column":4},"end":{"line":23,"column":5}},"loc":{"start":{"line":23,"column":43},"end":{"line":27,"column":5}},"line":23},"4":{"name":"(anonymous_4)","decl":{"start":{"line":28,"column":4},"end":{"line":28,"column":5}},"loc":{"start":{"line":28,"column":38},"end":{"line":31,"column":5}},"line":28},"5":{"name":"(anonymous_5)","decl":{"start":{"line":32,"column":4},"end":{"line":32,"column":5}},"loc":{"start":{"line":32,"column":39},"end":{"line":36,"column":5}},"line":32},"6":{"name":"(anonymous_6)","decl":{"start":{"line":37,"column":4},"end":{"line":37,"column":5}},"loc":{"start":{"line":37,"column":35},"end":{"line":40,"column":5}},"line":37},"7":{"name":"(anonymous_7)","decl":{"start":{"line":41,"column":4},"end":{"line":41,"column":5}},"loc":{"start":{"line":41,"column":36},"end":{"line":45,"column":5}},"line":41},"8":{"name":"(anonymous_8)","decl":{"start":{"line":46,"column":4},"end":{"line":46,"column":5}},"loc":{"start":{"line":46,"column":39},"end":{"line":49,"column":5}},"line":46},"9":{"name":"(anonymous_9)","decl":{"start":{"line":50,"column":4},"end":{"line":50,"column":5}},"loc":{"start":{"line":50,"column":39},"end":{"line":54,"column":5}},"line":50},"10":{"name":"(anonymous_10)","decl":{"start":{"line":55,"column":4},"end":{"line":55,"column":5}},"loc":{"start":{"line":55,"column":45},"end":{"line":63,"column":5}},"line":55},"11":{"name":"(anonymous_11)","decl":{"start":{"line":64,"column":4},"end":{"line":64,"column":5}},"loc":{"start":{"line":64,"column":47},"end":{"line":74,"column":5}},"line":64},"12":{"name":"(anonymous_12)","decl":{"start":{"line":75,"column":4},"end":{"line":75,"column":5}},"loc":{"start":{"line":75,"column":40},"end":{"line":80,"column":5}},"line":75},"13":{"name":"(anonymous_13)","decl":{"start":{"line":81,"column":4},"end":{"line":81,"column":5}},"loc":{"start":{"line":81,"column":39},"end":{"line":85,"column":5}},"line":81},"14":{"name":"(anonymous_14)","decl":{"start":{"line":86,"column":4},"end":{"line":86,"column":5}},"loc":{"start":{"line":86,"column":33},"end":{"line":91,"column":5}},"line":86},"15":{"name":"(anonymous_15)","decl":{"start":{"line":92,"column":4},"end":{"line":92,"column":5}},"loc":{"start":{"line":92,"column":35},"end":{"line":96,"column":5}},"line":92}},"branchMap":{"0":{"loc":{"start":{"line":6,"column":16},"end":{"line":6,"column":60}},"type":"default-arg","locations":[{"start":{"line":6,"column":31},"end":{"line":6,"column":60}}],"line":6},"1":{"loc":{"start":{"line":11,"column":8},"end":{"line":14,"column":9}},"type":"if","locations":[{"start":{"line":11,"column":8},"end":{"line":14,"column":9}},{"start":{"line":11,"column":8},"end":{"line":14,"column":9}}],"line":11}},"s":{"0":1,"1":1,"2":1,"3":1,"4":0,"5":0,"6":0,"7":0,"8":0,"9":0,"10":0,"11":0,"12":0,"13":0,"14":0,"15":0,"16":0,"17":0,"18":0,"19":0,"20":0,"21":0,"22":0,"23":0,"24":0,"25":0,"26":0,"27":0,"28":0,"29":0,"30":0,"31":0,"32":0,"33":0,"34":0,"35":0,"36":0,"37":0,"38":0,"39":0,"40":0,"41":0,"42":0,"43":0,"44":0,"45":0,"46":0,"47":0,"48":0,"49":0,"50":0,"51":0,"52":0,"53":0,"54":1},"f":{"0":1,"1":0,"2":0,"3":0,"4":0,"5":0,"6":0,"7":0,"8":0,"9":0,"10":0,"11":0,"12":0,"13":0,"14":0,"15":0},"b":{"0":[1],"1":[0,0]},"inputSourceMap":{"version":3,"file":"/home/wesley/Trybe/App de Receitas2/sd-033-a-project-recipes-app-ts/app/backend/src/controllers/DrinksController.ts","sources":["/home/wesley/Trybe/App de Receitas2/sd-033-a-project-recipes-app-ts/app/backend/src/controllers/DrinksController.ts"],"names":[],"mappings":";;AACA,0DAAmD;AACnD,6DAAqD;AAErD,MAAqB,gBAAgB;IACnC,YACU,eAAe,IAAI,uBAAY,EAAE;QAAjC,iBAAY,GAAZ,YAAY,CAAqB;IACvC,CAAC;IAEL,KAAK,CAAC,YAAY,CAAC,GAAY,EAAE,GAAa;QAC5C,MAAM,EAAE,CAAC,EAAE,GAAG,GAAG,CAAC,KAAK,CAAC;QACxB,IAAI,CAAC,CAAC,EAAE;YACN,MAAM,EAAE,MAAM,EAAE,IAAI,EAAE,GAAG,MAAM,IAAI,CAAC,YAAY,CAAC,SAAS,EAAE,CAAC;YAC7D,OAAO,GAAG,CAAC,MAAM,CAAC,IAAA,uBAAa,EAAC,MAAM,CAAC,CAAC,CAAC,IAAI,CAAC,IAAI,CAAC,CAAC;SACrD;QAED,MAAM,EAAE,MAAM,EAAE,IAAI,EAAE,GAAG,MAAM,IAAI,CAAC,YAAY,CAAC,cAAc,CAAC,CAAW,CAAC,CAAC;QAC7E,OAAO,GAAG,CAAC,MAAM,CAAC,IAAA,uBAAa,EAAC,MAAM,CAAC,CAAC,CAAC,IAAI,CAAC,IAAI,CAAC,CAAC;IACtD,CAAC;IAED,KAAK,CAAC,OAAO,CAAC,GAAY,EAAE,GAAa;QACvC,MAAM,EAAE,EAAE,EAAE,GAAG,GAAG,CAAC,MAAM,CAAC;QAC1B,MAAM,EAAE,MAAM,EAAE,IAAI,EAAE,GAAG,MAAM,IAAI,CAAC,YAAY,CAAC,OAAO,CAAC,MAAM,CAAC,EAAE,CAAC,CAAC,CAAC;QAErE,OAAO,GAAG,CAAC,MAAM,CAAC,IAAA,uBAAa,EAAC,MAAM,CAAC,CAAC,CAAC,IAAI,CAAC,IAAI,CAAC,CAAC;IACtD,CAAC;IAED,KAAK,CAAC,sBAAsB,CAAC,GAAY,EAAE,GAAa;QACtD,MAAM,EAAE,CAAC,EAAE,GAAG,GAAG,CAAC,KAAK,CAAC;QACxB,MAAM,EAAE,MAAM,EAAE,IAAI,EAAE,GAAG,MAAM,IAAI,CAAC,YAAY,CAAC,sBAAsB,CAAC,CAAW,CAAC,CAAC;QAErF,OAAO,GAAG,CAAC,MAAM,CAAC,IAAA,uBAAa,EAAC,MAAM,CAAC,CAAC,CAAC,IAAI,CAAC,IAAI,CAAC,CAAC;IACtD,CAAC;IAED,KAAK,CAAC,gBAAgB,CAAC,IAAa,EAAE,GAAa;QACjD,MAAM,EAAE,MAAM,EAAE,IAAI,EAAE,GAAG,MAAM,IAAI,CAAC,YAAY,CAAC,gBAAgB,EAAE,CAAC;QACpE,OAAO,GAAG,CAAC,MAAM,CAAC,IAAA,uBAAa,EAAC,MAAM,CAAC,CAAC,CAAC,IAAI,CAAC,IAAI,CAAC,CAAC;IACtD,CAAC;IAED,KAAK,CAAC,kBAAkB,CAAC,GAAY,EAAE,GAAa;QAClD,MAAM,EAAE,CAAC,EAAE,GAAG,GAAG,CAAC,KAAK,CAAC;QACxB,MAAM,EAAE,MAAM,EAAE,IAAI,EAAE,GAAG,MAAM,IAAI,CAAC,YAAY,CAAC,kBAAkB,CAAC,CAAW,CAAC,CAAC;QACjF,OAAO,GAAG,CAAC,MAAM,CAAC,IAAA,uBAAa,EAAC,MAAM,CAAC,CAAC,CAAC,IAAI,CAAC,IAAI,CAAC,CAAC;IACtD,CAAC;IAED,KAAK,CAAC,cAAc,CAAC,GAAY,EAAE,GAAa;QAC9C,MAAM,EAAE,MAAM,EAAE,IAAI,EAAE,GAAG,MAAM,IAAI,CAAC,YAAY,CAAC,cAAc,EAAE,CAAC;QAClE,OAAO,GAAG,CAAC,MAAM,CAAC,IAAA,uBAAa,EAAC,MAAM,CAAC,CAAC,CAAC,IAAI,CAAC,IAAI,CAAC,CAAC;IACtD,CAAC;IAED,KAAK,CAAC,eAAe,CAAC,GAAY,EAAE,GAAa;QAC/C,MAAM,EAAE,CAAC,EAAE,GAAG,GAAG,CAAC,KAAK,CAAC;QACtB,MAAM,EAAE,MAAM,EAAE,IAAI,EAAE,GAAG,MAAM,IAAI,CAAC,YAAY,CAAC,gBAAgB,CAAC,CAAW,CAAC,CAAC;QAC/E,OAAO,GAAG,CAAC,MAAM,CAAC,IAAA,uBAAa,EAAC,MAAM,CAAC,CAAC,CAAC,IAAI,CAAC,IAAI,CAAC,CAAC;IACxD,CAAC;IAED,KAAK,CAAC,iBAAiB,CAAC,IAAa,EAAE,GAAa;QAClD,MAAM,EAAE,MAAM,EAAE,IAAI,EAAE,GAAG,MAAM,IAAI,CAAC,YAAY,CAAC,iBAAiB,EAAE,CAAC;QACrE,OAAO,GAAG,CAAC,MAAM,CAAC,IAAA,uBAAa,EAAC,MAAM,CAAC,CAAC,CAAC,IAAI,CAAC,IAAI,CAAC,CAAC;IACtD,CAAC;IAED,KAAK,CAAC,kBAAkB,CAAC,GAAY,EAAE,GAAa;QAClD,MAAM,UAAU,GAAG,GAAG,CAAC,IAAI,CAAC;QAC5B,MAAM,EAAE,MAAM,EAAE,IAAI,EAAE,GAAG,MAAM,IAAI,CAAC,YAAY,CAAC,kBAAkB,CAAC,UAAU,CAAC,CAAC;QAChF,OAAO,GAAG,CAAC,MAAM,CAAC,IAAA,uBAAa,EAAC,MAAM,CAAC,CAAC,CAAC,IAAI,CAAC,IAAI,CAAC,CAAC;IACtD,CAAC;IAED,KAAK,CAAC,wBAAwB,CAAC,GAAY,EAAE,GAAa;QACxD,MAAM,EAAE,EAAE,EAAE,GAAG,GAAG,CAAC,MAAM,CAAC;QAC1B,MAAM,EAAE,IAAI,EAAE,GAAG,GAAG,CAAC,KAAK,CAAC;QAC3B,MAAM,EAAE,MAAM,EAAE,IAAI,EAAE,GAAG,MAAM,IAAI,CAAC,YAAY,CAAC,wBAAwB,CAAC;YACxE,MAAM,EAAE,MAAM,CAAC,IAAc,CAAC;YAC9B,OAAO,EAAE,MAAM,CAAC,EAAE,CAAC;SACpB,CAAC,CAAC;QACH,OAAO,GAAG,CAAC,MAAM,CAAC,IAAA,uBAAa,EAAC,MAAM,CAAC,CAAC,CAAC,IAAI,CAAC,IAAI,CAAC,CAAC;IACtD,CAAC;IAED,KAAK,CAAC,0BAA0B,CAAC,GAAY,EAAE,GAAa;QAC1D,MAAM,EAAE,EAAE,EAAE,GAAG,GAAG,CAAC,MAAM,CAAC;QAC1B,MAAM,EAAE,IAAI,EAAE,GAAG,GAAG,CAAC,KAAK,CAAC;QAC3B,MAAM,EAAE,iBAAiB,EAAE,GAAG,GAAG,CAAC,IAAI,CAAC;QACvC,MAAM,EAAE,MAAM,EAAE,IAAI,EAAE,GAAG,MAAM,IAAI,CAAC,YAAY,CAAC,0BAA0B,CAAC;YAC1E,MAAM,EAAE,MAAM,CAAC,IAAc,CAAC;YAC9B,OAAO,EAAE,MAAM,CAAC,EAAE,CAAC;YACnB,iBAAiB;SAClB,CAAC,CAAA;QACF,OAAO,GAAG,CAAC,MAAM,CAAC,IAAA,uBAAa,EAAC,MAAM,CAAC,CAAC,CAAC,IAAI,CAAC,IAAI,CAAC,CAAC;IACtD,CAAC;IAED,KAAK,CAAC,mBAAmB,CAAC,GAAY,EAAE,GAAa;QACnD,MAAM,EAAE,EAAE,EAAE,GAAG,GAAG,CAAC,MAAM,CAAC;QAC1B,MAAM,EAAE,MAAM,EAAE,GAAG,GAAG,CAAC,IAAI,CAAA;QAC3B,MAAM,EAAE,MAAM,EAAE,IAAI,EAAE,GAAG,MAAM,IAAI,CAAC,YAAY,CAAC,mBAAmB,CAAC,MAAM,EAAE,MAAM,CAAC,EAAE,CAAC,CAAC,CAAC;QAEzF,OAAO,GAAG,CAAC,MAAM,CAAC,IAAA,uBAAa,EAAC,MAAM,CAAC,CAAC,CAAC,IAAI,CAAC,IAAI,CAAC,CAAC;IACtD,CAAC;IAED,KAAK,CAAC,kBAAkB,CAAC,GAAY,EAAE,GAAa;QAClD,MAAM,EAAE,IAAI,EAAE,GAAG,GAAG,CAAC,KAAK,CAAA;QAC1B,MAAM,EAAE,MAAM,EAAE,IAAI,EAAE,GAAG,MAAM,IAAI,CAAC,YAAY,CAAC,kBAAkB,CAAC,MAAM,CAAC,IAAI,CAAC,CAAC,CAAC;QAClF,OAAO,GAAG,CAAC,MAAM,CAAC,IAAA,uBAAa,EAAC,MAAM,CAAC,CAAC,CAAC,IAAI,CAAC,IAAI,CAAC,CAAC;IACtD,CAAC;IAED,KAAK,CAAC,YAAY,CAAC,GAAY,EAAE,GAAa;QAC5C,MAAM,EAAE,EAAE,EAAE,GAAG,GAAG,CAAC,MAAM,CAAC;QAC1B,MAAM,EAAE,MAAM,EAAE,GAAG,GAAG,CAAC,IAAI,CAAC;QAC5B,MAAM,EAAE,MAAM,EAAE,IAAI,EAAE,GAAG,MAAM,IAAI,CAAC,YAAY,CAAC,YAAY,CAAC,MAAM,EAAE,MAAM,CAAC,EAAE,CAAC,CAAC,CAAC;QAClF,OAAO,GAAG,CAAC,MAAM,CAAC,IAAA,uBAAa,EAAC,MAAM,CAAC,CAAC,CAAC,IAAI,CAAC,IAAI,CAAC,CAAC;IACtD,CAAC;IAED,KAAK,CAAC,cAAc,CAAC,GAAY,EAAE,GAAa;QAC9C,MAAM,EAAE,IAAI,EAAE,GAAG,GAAG,CAAC,KAAK,CAAC;QAC3B,MAAM,EAAE,MAAM,EAAE,IAAI,EAAE,GAAG,MAAM,IAAI,CAAC,YAAY,CAAC,cAAc,CAAC,MAAM,CAAC,IAAI,CAAC,CAAC,CAAC;QAC9E,OAAO,GAAG,CAAC,MAAM,CAAC,IAAA,uBAAa,EAAC,MAAM,CAAC,CAAC,CAAC,IAAI,CAAC,IAAI,CAAC,CAAC;IACtD,CAAC;CACF;AA/GD,mCA+GC","sourcesContent":["import { Request, Response } from 'express';\nimport mapStatusHTTP from '../utils/mapStatusHTTP';\nimport DrinkService from '../services/DrinksService';\n\nexport default class DrinksController {\n  constructor(\n    private drinkService = new DrinkService(),\n  ) { }\n\n  async getAllDrinks(req: Request, res: Response) {\n    const { q } = req.query;\n    if (!q) {\n      const { status, data } = await this.drinkService.getDrinks();\n      return res.status(mapStatusHTTP(status)).json(data);\n    }\n\n    const { status, data } = await this.drinkService.getDrinkByName(q as string);\n    return res.status(mapStatusHTTP(status)).json(data);\n  } \n\n  async getById(req: Request, res: Response) {\n    const { id } = req.params;\n    const { status, data } = await this.drinkService.getById(Number(id));\n\n    return res.status(mapStatusHTTP(status)).json(data);\n  }\n\n  async getDrinksByFirstLetter(req: Request, res: Response) {\n    const { q } = req.query;\n    const { status, data } = await this.drinkService.getDrinksByFirstLetter(q as string);\n\n    return res.status(mapStatusHTTP(status)).json(data);\n  }\n\n  async getAllCategories(_req: Request, res: Response) {\n    const { status, data } = await this.drinkService.getAllCategories();\n    return res.status(mapStatusHTTP(status)).json(data);\n  }\n\n  async getDrinkByCategory(req: Request, res: Response) {\n    const { q } = req.query;\n    const { status, data } = await this.drinkService.getDrinkByCategory(q as string);\n    return res.status(mapStatusHTTP(status)).json(data);\n  }\n\n  async getRandomDrink(req: Request, res: Response) {\n    const { status, data } = await this.drinkService.getRandomDrink();\n    return res.status(mapStatusHTTP(status)).json(data);\n  }\n\n  async getByIngredient(req: Request, res: Response) {\n    const { q } = req.query;    \n      const { status, data } = await this.drinkService.getByIngredients(q as string);\n      return res.status(mapStatusHTTP(status)).json(data);    \n  }\n  \n  async getAllIngredients(_req: Request, res: Response) {    \n    const { status, data } = await this.drinkService.getAllIngredients();\n    return res.status(mapStatusHTTP(status)).json(data);\n  }\n\n  async addDrinkInProgress(req: Request, res: Response) {\n    const inProgress = req.body;\n    const { status, data } = await this.drinkService.addDrinkInProgress(inProgress);\n    return res.status(mapStatusHTTP(status)).json(data);\n  }\n\n  async findRecipeInProgressById(req: Request, res: Response) {\n    const { id } = req.params;\n    const { user } = req.query;\n    const { status, data } = await this.drinkService.findRecipeInProgressById({\n      userId: Number(user as string),\n      drinkId: Number(id),\n    });\n    return res.status(mapStatusHTTP(status)).json(data);\n  }\n\n  async updateRecipeInProgressById(req: Request, res: Response) {\n    const { id } = req.params;\n    const { user } = req.query;\n    const { markedIngredients } = req.body;\n    const { status, data } = await this.drinkService.updateRecipeInProgressById({\n      userId: Number(user as string),\n      drinkId: Number(id),\n      markedIngredients,\n    })\n    return res.status(mapStatusHTTP(status)).json(data);\n  }\n\n  async favoriteDrinkRecipe(req: Request, res: Response) {\n    const { id } = req.params;\n    const { userId } = req.body\n    const { status, data } = await this.drinkService.favoriteDrinkRecipe(userId, Number(id));\n    \n    return res.status(mapStatusHTTP(status)).json(data);\n  }\n\n  async getFavoriteRecipes(req: Request, res: Response) {\n    const { user } = req.query\n    const { status, data } = await this.drinkService.getFavoriteRecipes(Number(user));\n    return res.status(mapStatusHTTP(status)).json(data);\n  }\n\n  async addDoneDrink(req: Request, res: Response) {\n    const { id } = req.params;\n    const { userId } = req.body;   \n    const { status, data } = await this.drinkService.addDoneDrink(userId, Number(id));\n    return res.status(mapStatusHTTP(status)).json(data);\n  }\n\n  async getDoneRecipes(req: Request, res: Response) {\n    const { user } = req.query;    \n    const { status, data } = await this.drinkService.getDoneRecipes(Number(user));\n    return res.status(mapStatusHTTP(status)).json(data);\n  }\n}\n"]},"_coverageSchema":"1a1c01bbd47fc00a2c39e90264f33305004495a9","hash":"672236034382f09391e40c191d36592a965eb99f","contentHash":"431a01af8134e03157333cd0be055cc99ba7fdf5577edf869329311f8d585a64"},"/home/wesley/Trybe/App de Receitas2/sd-033-a-project-recipes-app-ts/app/backend/src/utils/mapStatusHTTP.ts":{"path":"/home/wesley/Trybe/App de Receitas2/sd-033-a-project-recipes-app-ts/app/backend/src/utils/mapStatusHTTP.ts","statementMap":{"0":{"start":{"line":2,"column":0},"end":{"line":2,"column":62}},"1":{"start":{"line":4,"column":4},"end":{"line":13,"column":5}},"2":{"start":{"line":5,"column":27},"end":{"line":5,"column":38}},"3":{"start":{"line":6,"column":24},"end":{"line":6,"column":35}},"4":{"start":{"line":7,"column":29},"end":{"line":7,"column":40}},"5":{"start":{"line":8,"column":29},"end":{"line":8,"column":40}},"6":{"start":{"line":9,"column":26},"end":{"line":9,"column":37}},"7":{"start":{"line":10,"column":25},"end":{"line":10,"column":36}},"8":{"start":{"line":11,"column":37},"end":{"line":11,"column":48}},"9":{"start":{"line":12,"column":17},"end":{"line":12,"column":28}},"10":{"start":{"line":15,"column":0},"end":{"line":15,"column":32}}},"fnMap":{"0":{"name":"mapStatusHTTP","decl":{"start":{"line":3,"column":9},"end":{"line":3,"column":22}},"loc":{"start":{"line":3,"column":31},"end":{"line":14,"column":1}},"line":3}},"branchMap":{"0":{"loc":{"start":{"line":4,"column":4},"end":{"line":13,"column":5}},"type":"switch","locations":[{"start":{"line":5,"column":8},"end":{"line":5,"column":38}},{"start":{"line":6,"column":8},"end":{"line":6,"column":35}},{"start":{"line":7,"column":8},"end":{"line":7,"column":40}},{"start":{"line":8,"column":8},"end":{"line":8,"column":40}},{"start":{"line":9,"column":8},"end":{"line":9,"column":37}},{"start":{"line":10,"column":8},"end":{"line":10,"column":36}},{"start":{"line":11,"column":8},"end":{"line":11,"column":48}},{"start":{"line":12,"column":8},"end":{"line":12,"column":28}}],"line":4}},"s":{"0":1,"1":37,"2":19,"3":1,"4":9,"5":4,"6":4,"7":0,"8":0,"9":0,"10":1},"f":{"0":37},"b":{"0":[19,1,9,4,4,0,0,0]},"inputSourceMap":{"version":3,"file":"/home/wesley/Trybe/App de Receitas2/sd-033-a-project-recipes-app-ts/app/backend/src/utils/mapStatusHTTP.ts","sources":["/home/wesley/Trybe/App de Receitas2/sd-033-a-project-recipes-app-ts/app/backend/src/utils/mapStatusHTTP.ts"],"names":[],"mappings":";;AAAA,SAAwB,aAAa,CAAC,MAAc;IAClD,QAAQ,MAAM,EAAE;QACd,KAAK,YAAY,CAAC,CAAC,OAAO,GAAG,CAAC;QAC9B,KAAK,SAAS,CAAC,CAAC,OAAO,GAAG,CAAC;QAC3B,KAAK,cAAc,CAAC,CAAC,OAAO,GAAG,CAAC;QAChC,KAAK,cAAc,CAAC,CAAC,OAAO,GAAG,CAAC;QAChC,KAAK,WAAW,CAAC,CAAC,OAAO,GAAG,CAAC;QAC7B,KAAK,UAAU,CAAC,CAAC,OAAO,GAAG,CAAC;QAC5B,KAAK,sBAAsB,CAAC,CAAC,OAAO,GAAG,CAAC;QACxC,OAAO,CAAC,CAAC,OAAO,GAAG,CAAC;KACrB;AACH,CAAC;AAXD,gCAWC","sourcesContent":["export default function mapStatusHTTP(status: string): number {\n  switch (status) {\n    case 'SUCCESSFUL': return 200;\n    case 'CREATED': return 201;\n    case 'INVALID_DATA': return 400;\n    case 'UNAUTHORIZED': return 401;\n    case 'NOT_FOUND': return 404;\n    case 'CONFLICT': return 409;\n    case 'UNPROCESSABLE ENTITY': return 422;\n    default: return 500;\n  }\n}"]},"_coverageSchema":"1a1c01bbd47fc00a2c39e90264f33305004495a9","hash":"d085f815dd86505589f840ed34a57dbd620f5a26","contentHash":"eb35471c5b452d43118412421415bb16d3f55deb87e1e7a3b6ef3fbfbef583b0"},"/home/wesley/Trybe/App de Receitas2/sd-033-a-project-recipes-app-ts/app/backend/src/services/DrinksService.ts":{"path":"/home/wesley/Trybe/App de Receitas2/sd-033-a-project-recipes-app-ts/app/backend/src/services/DrinksService.ts","statementMap":{"0":{"start":{"line":2,"column":0},"end":{"line":2,"column":62}},"1":{"start":{"line":3,"column":23},"end":{"line":3,"column":56}},"2":{"start":{"line":6,"column":8},"end":{"line":6,"column":37}},"3":{"start":{"line":9,"column":23},"end":{"line":9,"column":54}},"4":{"start":{"line":10,"column":8},"end":{"line":12,"column":9}},"5":{"start":{"line":11,"column":12},"end":{"line":11,"column":82}},"6":{"start":{"line":14,"column":8},"end":{"line":14,"column":54}},"7":{"start":{"line":17,"column":23},"end":{"line":17,"column":61}},"8":{"start":{"line":18,"column":8},"end":{"line":20,"column":9}},"9":{"start":{"line":19,"column":12},"end":{"line":19,"column":82}},"10":{"start":{"line":21,"column":8},"end":{"line":21,"column":54}},"11":{"start":{"line":24,"column":23},"end":{"line":24,"column":65}},"12":{"start":{"line":25,"column":8},"end":{"line":27,"column":9}},"13":{"start":{"line":26,"column":12},"end":{"line":26,"column":81}},"14":{"start":{"line":29,"column":8},"end":{"line":29,"column":54}},"15":{"start":{"line":32,"column":23},"end":{"line":32,"column":65}},"16":{"start":{"line":33,"column":8},"end":{"line":35,"column":9}},"17":{"start":{"line":34,"column":12},"end":{"line":34,"column":81}},"18":{"start":{"line":37,"column":25},"end":{"line":38,"column":58}},"19":{"start":{"line":37,"column":50},"end":{"line":38,"column":57}},"20":{"start":{"line":39,"column":8},"end":{"line":39,"column":56}},"21":{"start":{"line":42,"column":23},"end":{"line":42,"column":66}},"22":{"start":{"line":43,"column":8},"end":{"line":43,"column":54}},"23":{"start":{"line":46,"column":27},"end":{"line":46,"column":64}},"24":{"start":{"line":47,"column":8},"end":{"line":47,"column":58}},"25":{"start":{"line":50,"column":24},"end":{"line":50,"column":55}},"26":{"start":{"line":51,"column":29},"end":{"line":51,"column":84}},"27":{"start":{"line":52,"column":8},"end":{"line":52,"column":60}},"28":{"start":{"line":55,"column":24},"end":{"line":55,"column":65}},"29":{"start":{"line":56,"column":8},"end":{"line":56,"column":55}},"30":{"start":{"line":59,"column":24},"end":{"line":59,"column":65}},"31":{"start":{"line":60,"column":8},"end":{"line":60,"column":55}},"32":{"start":{"line":63,"column":36},"end":{"line":63,"column":52}},"33":{"start":{"line":64,"column":8},"end":{"line":66,"column":9}},"34":{"start":{"line":65,"column":12},"end":{"line":65,"column":87}},"35":{"start":{"line":67,"column":8},"end":{"line":69,"column":9}},"36":{"start":{"line":68,"column":12},"end":{"line":68,"column":88}},"37":{"start":{"line":71,"column":23},"end":{"line":71,"column":81}},"38":{"start":{"line":72,"column":8},"end":{"line":72,"column":54}},"39":{"start":{"line":75,"column":36},"end":{"line":75,"column":52}},"40":{"start":{"line":76,"column":8},"end":{"line":78,"column":9}},"41":{"start":{"line":77,"column":12},"end":{"line":77,"column":90}},"42":{"start":{"line":80,"column":8},"end":{"line":82,"column":9}},"43":{"start":{"line":81,"column":12},"end":{"line":81,"column":90}},"44":{"start":{"line":84,"column":27},"end":{"line":87,"column":10}},"45":{"start":{"line":88,"column":8},"end":{"line":90,"column":9}},"46":{"start":{"line":89,"column":12},"end":{"line":89,"column":83}},"47":{"start":{"line":91,"column":8},"end":{"line":91,"column":58}},"48":{"start":{"line":94,"column":25},"end":{"line":94,"column":82}},"49":{"start":{"line":95,"column":8},"end":{"line":97,"column":9}},"50":{"start":{"line":96,"column":12},"end":{"line":96,"column":82}},"51":{"start":{"line":99,"column":8},"end":{"line":99,"column":90}},"52":{"start":{"line":102,"column":25},"end":{"line":102,"column":79}},"53":{"start":{"line":103,"column":8},"end":{"line":105,"column":9}},"54":{"start":{"line":104,"column":12},"end":{"line":104,"column":93}},"55":{"start":{"line":106,"column":8},"end":{"line":106,"column":92}},"56":{"start":{"line":109,"column":32},"end":{"line":109,"column":80}},"57":{"start":{"line":110,"column":8},"end":{"line":112,"column":9}},"58":{"start":{"line":111,"column":12},"end":{"line":111,"column":93}},"59":{"start":{"line":113,"column":8},"end":{"line":113,"column":63}},"60":{"start":{"line":116,"column":8},"end":{"line":116,"column":59}},"61":{"start":{"line":117,"column":8},"end":{"line":117,"column":78}},"62":{"start":{"line":120,"column":28},"end":{"line":120,"column":72}},"63":{"start":{"line":121,"column":8},"end":{"line":123,"column":9}},"64":{"start":{"line":122,"column":12},"end":{"line":122,"column":89}},"65":{"start":{"line":124,"column":8},"end":{"line":124,"column":59}},"66":{"start":{"line":127,"column":0},"end":{"line":127,"column":33}}},"fnMap":{"0":{"name":"(anonymous_0)","decl":{"start":{"line":5,"column":4},"end":{"line":5,"column":5}},"loc":{"start":{"line":5,"column":59},"end":{"line":7,"column":5}},"line":5},"1":{"name":"(anonymous_1)","decl":{"start":{"line":8,"column":4},"end":{"line":8,"column":5}},"loc":{"start":{"line":8,"column":22},"end":{"line":15,"column":5}},"line":8},"2":{"name":"(anonymous_2)","decl":{"start":{"line":16,"column":4},"end":{"line":16,"column":5}},"loc":{"start":{"line":16,"column":22},"end":{"line":22,"column":5}},"line":16},"3":{"name":"(anonymous_3)","decl":{"start":{"line":23,"column":4},"end":{"line":23,"column":5}},"loc":{"start":{"line":23,"column":28},"end":{"line":30,"column":5}},"line":23},"4":{"name":"(anonymous_4)","decl":{"start":{"line":31,"column":4},"end":{"line":31,"column":5}},"loc":{"start":{"line":31,"column":36},"end":{"line":40,"column":5}},"line":31},"5":{"name":"(anonymous_5)","decl":{"start":{"line":37,"column":39},"end":{"line":37,"column":40}},"loc":{"start":{"line":37,"column":50},"end":{"line":38,"column":57}},"line":37},"6":{"name":"(anonymous_6)","decl":{"start":{"line":41,"column":4},"end":{"line":41,"column":5}},"loc":{"start":{"line":41,"column":32},"end":{"line":44,"column":5}},"line":41},"7":{"name":"(anonymous_7)","decl":{"start":{"line":45,"column":4},"end":{"line":45,"column":5}},"loc":{"start":{"line":45,"column":29},"end":{"line":48,"column":5}},"line":45},"8":{"name":"(anonymous_8)","decl":{"start":{"line":49,"column":4},"end":{"line":49,"column":5}},"loc":{"start":{"line":49,"column":27},"end":{"line":53,"column":5}},"line":49},"9":{"name":"(anonymous_9)","decl":{"start":{"line":54,"column":4},"end":{"line":54,"column":5}},"loc":{"start":{"line":54,"column":30},"end":{"line":57,"column":5}},"line":54},"10":{"name":"(anonymous_10)","decl":{"start":{"line":58,"column":4},"end":{"line":58,"column":5}},"loc":{"start":{"line":58,"column":30},"end":{"line":61,"column":5}},"line":58},"11":{"name":"(anonymous_11)","decl":{"start":{"line":62,"column":4},"end":{"line":62,"column":5}},"loc":{"start":{"line":62,"column":47},"end":{"line":73,"column":5}},"line":62},"12":{"name":"(anonymous_12)","decl":{"start":{"line":74,"column":4},"end":{"line":74,"column":5}},"loc":{"start":{"line":74,"column":53},"end":{"line":92,"column":5}},"line":74},"13":{"name":"(anonymous_13)","decl":{"start":{"line":93,"column":4},"end":{"line":93,"column":5}},"loc":{"start":{"line":93,"column":49},"end":{"line":100,"column":5}},"line":93},"14":{"name":"(anonymous_14)","decl":{"start":{"line":101,"column":4},"end":{"line":101,"column":5}},"loc":{"start":{"line":101,"column":42},"end":{"line":107,"column":5}},"line":101},"15":{"name":"(anonymous_15)","decl":{"start":{"line":108,"column":4},"end":{"line":108,"column":5}},"loc":{"start":{"line":108,"column":37},"end":{"line":114,"column":5}},"line":108},"16":{"name":"(anonymous_16)","decl":{"start":{"line":115,"column":4},"end":{"line":115,"column":5}},"loc":{"start":{"line":115,"column":35},"end":{"line":118,"column":5}},"line":115},"17":{"name":"(anonymous_17)","decl":{"start":{"line":119,"column":4},"end":{"line":119,"column":5}},"loc":{"start":{"line":119,"column":33},"end":{"line":125,"column":5}},"line":119}},"branchMap":{"0":{"loc":{"start":{"line":5,"column":16},"end":{"line":5,"column":57}},"type":"default-arg","locations":[{"start":{"line":5,"column":29},"end":{"line":5,"column":57}}],"line":5},"1":{"loc":{"start":{"line":10,"column":8},"end":{"line":12,"column":9}},"type":"if","locations":[{"start":{"line":10,"column":8},"end":{"line":12,"column":9}},{"start":{"line":10,"column":8},"end":{"line":12,"column":9}}],"line":10},"2":{"loc":{"start":{"line":18,"column":8},"end":{"line":20,"column":9}},"type":"if","locations":[{"start":{"line":18,"column":8},"end":{"line":20,"column":9}},{"start":{"line":18,"column":8},"end":{"line":20,"column":9}}],"line":18},"3":{"loc":{"start":{"line":25,"column":8},"end":{"line":27,"column":9}},"type":"if","locations":[{"start":{"line":25,"column":8},"end":{"line":27,"column":9}},{"start":{"line":25,"column":8},"end":{"line":27,"column":9}}],"line":25},"4":{"loc":{"start":{"line":33,"column":8},"end":{"line":35,"column":9}},"type":"if","locations":[{"start":{"line":33,"column":8},"end":{"line":35,"column":9}},{"start":{"line":33,"column":8},"end":{"line":35,"column":9}}],"line":33},"5":{"loc":{"start":{"line":37,"column":50},"end":{"line":38,"column":57}},"type":"binary-expr","locations":[{"start":{"line":37,"column":50},"end":{"line":37,"column":78}},{"start":{"line":38,"column":15},"end":{"line":38,"column":57}}],"line":37},"6":{"loc":{"start":{"line":64,"column":8},"end":{"line":66,"column":9}},"type":"if","locations":[{"start":{"line":64,"column":8},"end":{"line":66,"column":9}},{"start":{"line":64,"column":8},"end":{"line":66,"column":9}}],"line":64},"7":{"loc":{"start":{"line":67,"column":8},"end":{"line":69,"column":9}},"type":"if","locations":[{"start":{"line":67,"column":8},"end":{"line":69,"column":9}},{"start":{"line":67,"column":8},"end":{"line":69,"column":9}}],"line":67},"8":{"loc":{"start":{"line":76,"column":8},"end":{"line":78,"column":9}},"type":"if","locations":[{"start":{"line":76,"column":8},"end":{"line":78,"column":9}},{"start":{"line":76,"column":8},"end":{"line":78,"column":9}}],"line":76},"9":{"loc":{"start":{"line":80,"column":8},"end":{"line":82,"column":9}},"type":"if","locations":[{"start":{"line":80,"column":8},"end":{"line":82,"column":9}},{"start":{"line":80,"column":8},"end":{"line":82,"column":9}}],"line":80},"10":{"loc":{"start":{"line":88,"column":8},"end":{"line":90,"column":9}},"type":"if","locations":[{"start":{"line":88,"column":8},"end":{"line":90,"column":9}},{"start":{"line":88,"column":8},"end":{"line":90,"column":9}}],"line":88},"11":{"loc":{"start":{"line":95,"column":8},"end":{"line":97,"column":9}},"type":"if","locations":[{"start":{"line":95,"column":8},"end":{"line":97,"column":9}},{"start":{"line":95,"column":8},"end":{"line":97,"column":9}}],"line":95},"12":{"loc":{"start":{"line":103,"column":8},"end":{"line":105,"column":9}},"type":"if","locations":[{"start":{"line":103,"column":8},"end":{"line":105,"column":9}},{"start":{"line":103,"column":8},"end":{"line":105,"column":9}}],"line":103},"13":{"loc":{"start":{"line":110,"column":8},"end":{"line":112,"column":9}},"type":"if","locations":[{"start":{"line":110,"column":8},"end":{"line":112,"column":9}},{"start":{"line":110,"column":8},"end":{"line":112,"column":9}}],"line":110},"14":{"loc":{"start":{"line":121,"column":8},"end":{"line":123,"column":9}},"type":"if","locations":[{"start":{"line":121,"column":8},"end":{"line":123,"column":9}},{"start":{"line":121,"column":8},"end":{"line":123,"column":9}}],"line":121}},"s":{"0":1,"1":1,"2":1,"3":0,"4":0,"5":0,"6":0,"7":0,"8":0,"9":0,"10":0,"11":0,"12":0,"13":0,"14":0,"15":0,"16":0,"17":0,"18":0,"19":0,"20":0,"21":0,"22":0,"23":0,"24":0,"25":0,"26":0,"27":0,"28":0,"29":0,"30":0,"31":0,"32":0,"33":0,"34":0,"35":0,"36":0,"37":0,"38":0,"39":0,"40":0,"41":0,"42":0,"43":0,"44":0,"45":0,"46":0,"47":0,"48":0,"49":0,"50":0,"51":0,"52":0,"53":0,"54":0,"55":0,"56":0,"57":0,"58":0,"59":0,"60":0,"61":0,"62":0,"63":0,"64":0,"65":0,"66":1},"f":{"0":1,"1":0,"2":0,"3":0,"4":0,"5":0,"6":0,"7":0,"8":0,"9":0,"10":0,"11":0,"12":0,"13":0,"14":0,"15":0,"16":0,"17":0},"b":{"0":[1],"1":[0,0],"2":[0,0],"3":[0,0],"4":[0,0],"5":[0,0],"6":[0,0],"7":[0,0],"8":[0,0],"9":[0,0],"10":[0,0],"11":[0,0],"12":[0,0],"13":[0,0],"14":[0,0]},"inputSourceMap":{"version":3,"file":"/home/wesley/Trybe/App de Receitas2/sd-033-a-project-recipes-app-ts/app/backend/src/services/DrinksService.ts","sources":["/home/wesley/Trybe/App de Receitas2/sd-033-a-project-recipes-app-ts/app/backend/src/services/DrinksService.ts"],"names":[],"mappings":";;AAEA,yDAAiD;AAGjD,MAAqB,cAAc;IACjC,YACU,aAAa,IAAI,sBAAW,EAAE;QAA9B,eAAU,GAAV,UAAU,CAAoB;IACpC,CAAC;IAEL,KAAK,CAAC,SAAS;QACb,MAAM,MAAM,GAAG,MAAM,IAAI,CAAC,UAAU,CAAC,OAAO,EAAE,CAAC;QAE/C,IAAI,MAAM,KAAK,IAAI,EAAE;YACnB,OAAO,EAAE,MAAM,EAAE,WAAW,EAAE,IAAI,EAAE,EAAE,OAAO,EAAE,kBAAkB,EAAE,EAAE,CAAA;SACtE;QAAA,CAAC;QAEF,OAAO,EAAE,MAAM,EAAE,YAAY,EAAE,IAAI,EAAE,MAAM,EAAE,CAAC;IAChD,CAAC;IAED,KAAK,CAAC,OAAO,CAAC,EAAU;QACtB,MAAM,MAAM,GAAG,MAAM,IAAI,CAAC,UAAU,CAAC,YAAY,CAAC,EAAE,CAAC,CAAC;QACtD,IAAI,CAAC,MAAM,EAAE;YACX,OAAO,EAAE,MAAM,EAAE,WAAW,EAAE,IAAI,EAAE,EAAE,OAAO,EAAE,kBAAkB,EAAE,EAAE,CAAA;SACtE;QAED,OAAO,EAAE,MAAM,EAAE,YAAY,EAAE,IAAI,EAAE,MAAM,EAAE,CAAC;IAChD,CAAC;IAED,KAAK,CAAC,cAAc,CAAC,CAAS;QAC5B,MAAM,MAAM,GAAG,MAAM,IAAI,CAAC,UAAU,CAAC,iBAAiB,CAAC,CAAC,CAAC,CAAC;QAE1D,IAAI,MAAM,KAAK,IAAI,EAAE;YACnB,OAAO,EAAE,MAAM,EAAE,WAAW,EAAE,IAAI,EAAE,EAAE,OAAO,EAAE,iBAAiB,EAAE,EAAE,CAAA;SACrE;QAAA,CAAC;QAEF,OAAO,EAAE,MAAM,EAAE,YAAY,EAAE,IAAI,EAAE,MAAM,EAAE,CAAC;IAChD,CAAC;IAED,KAAK,CAAC,sBAAsB,CAAC,CAAS;QACpC,MAAM,MAAM,GAAG,MAAM,IAAI,CAAC,UAAU,CAAC,iBAAiB,CAAC,CAAC,CAAC,CAAC;QAE1D,IAAI,MAAM,KAAK,IAAI,EAAE;YACnB,OAAO,EAAE,MAAM,EAAE,WAAW,EAAE,IAAI,EAAE,EAAE,OAAO,EAAE,iBAAiB,EAAE,EAAE,CAAA;SACrE;QAAA,CAAC;QAEF,MAAM,QAAQ,GAAG,MAAM,CAAC,MAAM,CAAC,CAAC,KAAmB,EAAE,EAAE,CAAC,KAAK,CAAC,QAAQ,CAAC,UAAU,CAAC,CAAC,CAAC;eAC/E,KAAK,CAAC,QAAQ,CAAC,UAAU,CAAC,CAAC,CAAC,WAAW,EAAE,CAAC,CAAC,CAAC;QAEjD,OAAO,EAAE,MAAM,EAAE,YAAY,EAAE,IAAI,EAAE,QAAQ,EAAE,CAAC;IAClD,CAAC;IAED,KAAK,CAAC,kBAAkB,CAAC,CAAS;QAChC,MAAM,MAAM,GAAG,MAAM,IAAI,CAAC,UAAU,CAAC,kBAAkB,CAAC,CAAC,CAAC,CAAC;QAC3D,OAAO,EAAE,MAAM,EAAE,YAAY,EAAE,IAAI,EAAE,MAAM,EAAE,CAAC;IAChD,CAAC;IAED,KAAK,CAAC,gBAAgB;QACpB,MAAM,UAAU,GAAG,MAAM,IAAI,CAAC,UAAU,CAAC,aAAa,EAAE,CAAC;QACzD,OAAO,EAAE,MAAM,EAAE,YAAY,EAAE,IAAI,EAAE,UAAU,EAAE,CAAA;IACnD,CAAC;IAED,KAAK,CAAC,cAAc;QAClB,MAAM,OAAO,GAAG,MAAM,IAAI,CAAC,UAAU,CAAC,OAAO,EAAE,CAAC;QAChD,MAAM,YAAY,GAAG,OAAO,CAAC,IAAI,CAAC,KAAK,CAAC,IAAI,CAAC,MAAM,EAAE,GAAG,OAAO,CAAC,MAAM,CAAC,GAAG,CAAC,CAAC,CAAC;QAE7E,OAAO,EAAE,MAAM,EAAE,YAAY,EAAE,IAAI,EAAE,YAAY,EAAE,CAAC;IACtD,CAAC;IAED,KAAK,CAAC,iBAAiB;QACrB,MAAM,OAAO,GAAG,MAAM,IAAI,CAAC,UAAU,CAAC,iBAAiB,EAAE,CAAC;QAE1D,OAAO,EAAE,MAAM,EAAE,YAAY,EAAE,IAAI,EAAE,OAAO,EAAE,CAAC;IACjD,CAAC;IAED,KAAK,CAAC,gBAAgB,CAAC,CAAS;QAC9B,MAAM,OAAO,GAAG,MAAM,IAAI,CAAC,UAAU,CAAC,gBAAgB,CAAC,CAAC,CAAC,CAAC;QAE1D,OAAO,EAAE,MAAM,EAAE,YAAY,EAAE,IAAI,EAAE,OAAO,EAAE,CAAC;IACjD,CAAC;IAED,KAAK,CAAC,kBAAkB,CAAC,gBAAkD;QACzE,MAAM,EAAE,MAAM,EAAE,OAAO,EAAE,GAAG,gBAAgB,CAAC;QAE7C,IAAI,CAAC,MAAM,EAAE;YACX,OAAO,EAAC,MAAM,EAAE,cAAc,EAAE,IAAI,EAAE,EAAE,OAAO,EAAE,oBAAoB,EAAE,EAAE,CAAA;SAC1E;QAED,IAAI,CAAC,OAAO,EAAE;YACZ,OAAO,EAAC,MAAM,EAAE,cAAc,EAAE,IAAI,EAAE,EAAE,OAAO,EAAE,qBAAqB,EAAE,EAAE,CAAA;SAC3E;QACD,kGAAkG;QAClG,MAAM,MAAM,GAAG,MAAM,IAAI,CAAC,UAAU,CAAC,kBAAkB,CAAC,gBAAgB,CAAC,CAAA;QACzE,OAAO,EAAE,MAAM,EAAE,YAAY,EAAE,IAAI,EAAE,MAAM,EAAE,CAAA;IAC/C,CAAC;IAED,KAAK,CAAC,wBAAwB,CAAC,gBAAwE;QACrG,MAAM,EAAE,MAAM,EAAE,OAAO,EAAE,GAAG,gBAAgB,CAAC;QAC7C,IAAI,CAAC,MAAM,EAAE;YACX,OAAO,EAAC,MAAM,EAAE,cAAc,EAAE,IAAI,EAAE,EAAE,OAAO,EAAE,uBAAuB,EAAE,EAAE,CAAA;SAC7E;QAAA,CAAC;QACF,IAAI,CAAC,OAAO,EAAE;YACZ,OAAO,EAAC,MAAM,EAAE,cAAc,EAAE,IAAI,EAAE,EAAE,OAAO,EAAE,uBAAuB,EAAE,EAAE,CAAA;SAC7E;QAAA,CAAC;QAEF,MAAM,UAAU,GAAG,MAAM,IAAI,CAAC,UAAU,CAAC,mBAAmB,CAAC;YAC3D,MAAM;YACN,OAAO;SACR,CAAC,CAAA;QAEF,IAAI,CAAC,UAAU,EAAE;YACf,OAAO,EAAE,MAAM,EAAE,WAAW,EAAE,IAAI,EAAE,EAAE,OAAO,EAAE,mBAAmB,EAAE,EAAE,CAAC;SACxE;QAED,OAAO,EAAE,MAAM,EAAE,YAAY,EAAE,IAAI,EAAE,UAAU,EAAE,CAAC;IACpD,CAAC;IAED,KAAK,CAAC,0BAA0B,CAAC,UAA4C;QAC3E,MAAM,QAAQ,GAAG,MAAM,IAAI,CAAC,UAAU,CAAC,uBAAuB,CAAC,UAAU,CAAC,CAAC;QAE3E,IAAI,QAAQ,KAAK,CAAC,EAAE;YAClB,OAAO,EAAE,MAAM,EAAE,WAAW,EAAE,IAAI,EAAE,EAAE,OAAO,EAAE,kBAAkB,EAAE,EAAE,CAAC;SACvE;QAAA,CAAC;QACF,OAAO,EAAE,MAAM,EAAE,YAAY,EAAE,IAAI,EAAE,EAAE,OAAO,EAAE,6BAA6B,EAAE,EAAE,CAAC;IACpF,CAAC;IAED,KAAK,CAAC,mBAAmB,CAAC,MAAc,EAAE,EAAU;QAClD,MAAM,QAAQ,GAAG,MAAM,IAAI,CAAC,UAAU,CAAC,oBAAoB,CAAC,MAAM,EAAE,EAAE,CAAC,CAAC;QACxE,IAAG,QAAQ,EAAE;YACZ,OAAO,EAAC,MAAM,EAAE,YAAY,EAAE,IAAI,EAAE,EAAE,OAAO,EAAE,4BAA4B,EAAE,EAAC,CAAA;SAC9E;QACD,OAAO,EAAC,MAAM,EAAE,YAAY,EAAE,IAAI,EAAE,EAAE,OAAO,EAAE,+BAA+B,EAAE,EAAC,CAAC;IACnF,CAAC;IAEF,KAAK,CAAC,kBAAkB,CAAC,MAAc;QACrC,MAAM,eAAe,GAAG,MAAM,IAAI,CAAC,UAAU,CAAC,kBAAkB,CAAC,MAAM,CAAC,CAAC;QACzE,IAAI,eAAe,CAAC,MAAM,KAAK,CAAC,EAAE;YAChC,OAAO,EAAC,MAAM,EAAE,WAAW,EAAE,IAAI,EAAE,EAAE,OAAO,EAAE,6BAA6B,EAAE,EAAC,CAAC;SAChF;QAED,OAAO,EAAE,MAAM,EAAE,YAAY,EAAE,IAAI,EAAE,eAAe,EAAE,CAAC;IACzD,CAAC;IAED,KAAK,CAAC,YAAY,CAAC,MAAc,EAAE,EAAU;QAC3C,MAAM,IAAI,CAAC,UAAU,CAAC,gBAAgB,CAAC,MAAM,EAAE,EAAE,CAAC,CAAC;QACnD,OAAO,EAAE,MAAM,EAAE,YAAY,EAAE,IAAI,EAAE,EAAE,OAAO,EAAE,iBAAiB,EAAE,EAAE,CAAA;IACvE,CAAC;IAED,KAAK,CAAC,cAAc,CAAC,MAAc;QACjC,MAAM,WAAW,GAAG,MAAM,IAAI,CAAC,UAAU,CAAC,cAAc,CAAC,MAAM,CAAC,CAAC;QACjE,IAAI,WAAW,CAAC,MAAM,KAAK,CAAC,EAAE;YAC5B,OAAO,EAAC,MAAM,EAAE,WAAW,EAAE,IAAI,EAAE,EAAE,OAAO,EAAE,yBAAyB,EAAE,EAAC,CAAC;SAC5E;QAED,OAAO,EAAE,MAAM,EAAE,YAAY,EAAE,IAAI,EAAE,WAAW,EAAE,CAAC;IACrD,CAAC;CACF;AAvJD,iCAuJC","sourcesContent":["import { ServiceResponse } from '../Interfaces/serviceReponse';\nimport { iDrinkRecipe } from '../Interfaces/drinks/iDrinks';\nimport DrinksModel from '../models/Drinks.model';\nimport { IProgressDrinkRecipe } from '../Interfaces/IProgress';\n\nexport default class MatchesService {\n  constructor(\n    private drinkModel = new DrinksModel(),\n  ) { }\n\n  async getDrinks() {\n    const drinks = await this.drinkModel.findAll();\n\n    if (drinks === null) {\n      return { status: 'NOT_FOUND', data: { message: 'drinks not found' } }\n    };\n\n    return { status: 'SUCCESSFUL', data: drinks };\n  }\n\n  async getById(id: number) {\n    const recipe = await this.drinkModel.getDrinkById(id);\n    if (!recipe) {\n      return { status: 'NOT_FOUND', data: { message: 'drinks not found' } }\n    }\n\n    return { status: 'SUCCESSFUL', data: recipe };\n  }\n\n  async getDrinkByName(q: string) {\n    const drinks = await this.drinkModel.getFilteredDrinks(q);\n\n    if (drinks === null) {\n      return { status: 'NOT_FOUND', data: { message: 'drink not found' } }\n    };\n\n    return { status: 'SUCCESSFUL', data: drinks };\n  }\n\n  async getDrinksByFirstLetter(q: string) {\n    const drinks = await this.drinkModel.getFilteredDrinks(q);\n\n    if (drinks === null) {\n      return { status: 'NOT_FOUND', data: { message: 'drink not found' } }\n    };\n\n    const response = drinks.filter((drink: iDrinkRecipe) => drink.strDrink.startsWith(q)\n      || drink.strDrink.startsWith(q.toUpperCase()));\n\n    return { status: 'SUCCESSFUL', data: response };\n  }\n\n  async getDrinkByCategory(q: string) {\n    const drinks = await this.drinkModel.getDrinkByCategory(q);\n    return { status: 'SUCCESSFUL', data: drinks };\n  }\n\n  async getAllCategories() {\n    const categories = await this.drinkModel.getCategories();\n    return { status: 'SUCCESSFUL', data: categories }\n  }\n\n  async getRandomDrink(): Promise<ServiceResponse<iDrinkRecipe>> {\n    const recipes = await this.drinkModel.findAll();\n    const randomRecipe = recipes[Math.floor(Math.random() * recipes.length) + 1];\n\n    return { status: 'SUCCESSFUL', data: randomRecipe };\n  }\n\n  async getAllIngredients() {\n    const recipes = await this.drinkModel.getAllIngredients();\n\n    return { status: 'SUCCESSFUL', data: recipes };\n  }\n\n  async getByIngredients(q: string) {\n    const recipes = await this.drinkModel.getByIngredients(q);\n\n    return { status: 'SUCCESSFUL', data: recipes };\n  }\n\n  async addDrinkInProgress(recipeInProgress: Omit<IProgressDrinkRecipe, 'id'>): Promise<ServiceResponse<IProgressDrinkRecipe>> {\n    const { userId, drinkId } = recipeInProgress;\n\n    if (!userId) {\n      return {status: 'INVALID_DATA', data: { message: 'Must have a userId' } }\n    }\n\n    if (!drinkId) {\n      return {status: 'INVALID_DATA', data: { message: 'Must have a drinkId' } }\n    }\n    // IF NEEDS TO CHECK IF RECIPE IS ALREADY IN PROGRESS, INVOKE 'findRecipeInProgressById' HERE:    \n    const recipe = await this.drinkModel.addDrinkInProgress(recipeInProgress)   \n    return { status: 'SUCCESSFUL', data: recipe }\n  }\n\n  async findRecipeInProgressById(recipeInProgress: Omit<IProgressDrinkRecipe, 'id' | 'markedIngredients'>): Promise<ServiceResponse<IProgressDrinkRecipe>>  {\n    const { userId, drinkId } = recipeInProgress;\n    if (!userId) {\n      return {status: 'INVALID_DATA', data: { message: 'Must provide a userId' } }\n    };\n    if (!drinkId) {\n      return {status: 'INVALID_DATA', data: { message: 'Must provide a mealId' } }\n    };\n\n    const inProgress = await this.drinkModel.findDrinkInProgress({\n      userId,\n      drinkId,\n    })\n\n    if (!inProgress) {\n      return { status: 'NOT_FOUND', data: { message: 'Recipe not found!' } };\n    }\n\n    return { status: 'SUCCESSFUL', data: inProgress };\n  }\n\n  async updateRecipeInProgressById(inProgress: Omit<IProgressDrinkRecipe, 'id'>) {\n    const response = await this.drinkModel.updateMarkedIngredients(inProgress);\n\n    if (response !== 1) {\n      return { status: 'NOT_FOUND', data: { message: 'Recipe not found' } };\n    };\n    return { status: 'SUCCESSFUL', data: { message: `Marked ingredients updated!` } };\n  }\n\n  async favoriteDrinkRecipe(userId: number, id: number) {\n    const favorite = await this.drinkModel.createFavoriteDrinks(userId, id);\n    if(favorite) {\n     return {status: 'SUCCESSFUL', data: { message: 'Recipe stored in favorites' }}    \n    } \n    return {status: 'SUCCESSFUL', data: { message: 'Recipe removed from favorites' }};\n   }\n\n  async getFavoriteRecipes(userId: number) {\n    const favoriteRecipes = await this.drinkModel.getFavoriteRecipes(userId);\n    if (favoriteRecipes.length === 0) {\n      return {status: 'NOT_FOUND', data: { message: 'No favorite recipes stored!' }};\n    }\n\n    return { status: 'SUCCESSFUL', data: favoriteRecipes };\n  }\n\n  async addDoneDrink(userId: number, id: number) {\n    await this.drinkModel.createDoneDrinks(userId, id);\n    return { status: 'SUCCESSFUL', data: { message: 'Recipe is done!' } }\n  }\n\n  async getDoneRecipes(userId: number) {\n    const doneRecipes = await this.drinkModel.getDoneRecipes(userId);    \n    if (doneRecipes.length === 0) {\n      return {status: 'NOT_FOUND', data: { message: 'No done recipes stored!' }};\n    }\n\n    return { status: 'SUCCESSFUL', data: doneRecipes };\n  }\n}\n"]},"_coverageSchema":"1a1c01bbd47fc00a2c39e90264f33305004495a9","hash":"a7b1c0d7290bf677d6adacfd52bdb35323158039","contentHash":"90cb544f3d295be5b186e04ba45fcd87c00f173b58dc0043938a936d66ced7c2"},"/home/wesley/Trybe/App de Receitas2/sd-033-a-project-recipes-app-ts/app/backend/src/models/Drinks.model.ts":{"path":"/home/wesley/Trybe/App de Receitas2/sd-033-a-project-recipes-app-ts/app/backend/src/models/Drinks.model.ts","statementMap":{"0":{"start":{"line":2,"column":0},"end":{"line":2,"column":62}},"1":{"start":{"line":3,"column":20},"end":{"line":3,"column":40}},"2":{"start":{"line":4,"column":34},"end":{"line":4,"column":86}},"3":{"start":{"line":5,"column":37},"end":{"line":5,"column":92}},"4":{"start":{"line":6,"column":37},"end":{"line":6,"column":92}},"5":{"start":{"line":7,"column":32},"end":{"line":7,"column":82}},"6":{"start":{"line":8,"column":32},"end":{"line":8,"column":73}},"7":{"start":{"line":9,"column":29},"end":{"line":9,"column":76}},"8":{"start":{"line":10,"column":29},"end":{"line":10,"column":76}},"9":{"start":{"line":13,"column":8},"end":{"line":13,"column":60}},"10":{"start":{"line":14,"column":8},"end":{"line":14,"column":63}},"11":{"start":{"line":15,"column":8},"end":{"line":15,"column":66}},"12":{"start":{"line":16,"column":8},"end":{"line":16,"column":64}},"13":{"start":{"line":17,"column":8},"end":{"line":17,"column":60}},"14":{"start":{"line":20,"column":24},"end":{"line":25,"column":10}},"15":{"start":{"line":26,"column":27},"end":{"line":29,"column":10}},"16":{"start":{"line":27,"column":42},"end":{"line":27,"column":57}},"17":{"start":{"line":28,"column":12},"end":{"line":28,"column":118}},"18":{"start":{"line":30,"column":8},"end":{"line":30,"column":26}},"19":{"start":{"line":33,"column":23},"end":{"line":33,"column":57}},"20":{"start":{"line":34,"column":8},"end":{"line":34,"column":22}},"21":{"start":{"line":37,"column":27},"end":{"line":43,"column":10}},"22":{"start":{"line":44,"column":8},"end":{"line":45,"column":24}},"23":{"start":{"line":45,"column":12},"end":{"line":45,"column":24}},"24":{"start":{"line":46,"column":8},"end":{"line":46,"column":26}},"25":{"start":{"line":49,"column":24},"end":{"line":54,"column":10}},"26":{"start":{"line":55,"column":27},"end":{"line":58,"column":55}},"27":{"start":{"line":56,"column":42},"end":{"line":56,"column":57}},"28":{"start":{"line":57,"column":12},"end":{"line":57,"column":118}},"29":{"start":{"line":58,"column":30},"end":{"line":58,"column":54}},"30":{"start":{"line":59,"column":8},"end":{"line":59,"column":26}},"31":{"start":{"line":62,"column":27},"end":{"line":62,"column":61}},"32":{"start":{"line":63,"column":8},"end":{"line":63,"column":26}},"33":{"start":{"line":66,"column":24},"end":{"line":66,"column":44}},"34":{"start":{"line":67,"column":34},"end":{"line":67,"column":36}},"35":{"start":{"line":68,"column":8},"end":{"line":76,"column":11}},"36":{"start":{"line":69,"column":12},"end":{"line":75,"column":13}},"37":{"start":{"line":69,"column":25},"end":{"line":69,"column":26}},"38":{"start":{"line":70,"column":38},"end":{"line":70,"column":57}},"39":{"start":{"line":71,"column":35},"end":{"line":71,"column":56}},"40":{"start":{"line":72,"column":16},"end":{"line":74,"column":17}},"41":{"start":{"line":73,"column":20},"end":{"line":73,"column":55}},"42":{"start":{"line":77,"column":27},"end":{"line":77,"column":53}},"43":{"start":{"line":78,"column":31},"end":{"line":78,"column":53}},"44":{"start":{"line":79,"column":8},"end":{"line":79,"column":30}},"45":{"start":{"line":82,"column":24},"end":{"line":82,"column":44}},"46":{"start":{"line":83,"column":31},"end":{"line":92,"column":10}},"47":{"start":{"line":84,"column":27},"end":{"line":84,"column":48}},"48":{"start":{"line":85,"column":32},"end":{"line":87,"column":14}},"49":{"start":{"line":86,"column":16},"end":{"line":86,"column":79}},"50":{"start":{"line":88,"column":12},"end":{"line":90,"column":13}},"51":{"start":{"line":89,"column":16},"end":{"line":89,"column":28}},"52":{"start":{"line":91,"column":12},"end":{"line":91,"column":25}},"53":{"start":{"line":93,"column":8},"end":{"line":93,"column":30}},"54":{"start":{"line":96,"column":35},"end":{"line":96,"column":92}},"55":{"start":{"line":97,"column":31},"end":{"line":97,"column":128}},"56":{"start":{"line":98,"column":8},"end":{"line":98,"column":26}},"57":{"start":{"line":101,"column":36},"end":{"line":101,"column":52}},"58":{"start":{"line":102,"column":28},"end":{"line":107,"column":10}},"59":{"start":{"line":108,"column":8},"end":{"line":108,"column":27}},"60":{"start":{"line":111,"column":55},"end":{"line":111,"column":71}},"61":{"start":{"line":112,"column":25},"end":{"line":117,"column":10}},"62":{"start":{"line":118,"column":8},"end":{"line":119,"column":24}},"63":{"start":{"line":119,"column":12},"end":{"line":119,"column":24}},"64":{"start":{"line":120,"column":8},"end":{"line":120,"column":27}},"65":{"start":{"line":123,"column":29},"end":{"line":123,"column":69}},"66":{"start":{"line":124,"column":8},"end":{"line":127,"column":9}},"67":{"start":{"line":125,"column":35},"end":{"line":125,"column":93}},"68":{"start":{"line":126,"column":12},"end":{"line":126,"column":30}},"69":{"start":{"line":128,"column":8},"end":{"line":128,"column":79}},"70":{"start":{"line":131,"column":30},"end":{"line":136,"column":10}},"71":{"start":{"line":137,"column":8},"end":{"line":137,"column":29}},"72":{"start":{"line":140,"column":26},"end":{"line":148,"column":10}},"73":{"start":{"line":150,"column":8},"end":{"line":150,"column":25}},"74":{"start":{"line":153,"column":26},"end":{"line":158,"column":10}},"75":{"start":{"line":159,"column":8},"end":{"line":159,"column":25}},"76":{"start":{"line":162,"column":25},"end":{"line":162,"column":61}},"77":{"start":{"line":163,"column":8},"end":{"line":170,"column":9}},"78":{"start":{"line":164,"column":12},"end":{"line":164,"column":79}},"79":{"start":{"line":165,"column":35},"end":{"line":168,"column":14}},"80":{"start":{"line":169,"column":12},"end":{"line":169,"column":30}},"81":{"start":{"line":171,"column":8},"end":{"line":171,"column":75}},"82":{"start":{"line":172,"column":8},"end":{"line":172,"column":24}},"83":{"start":{"line":175,"column":28},"end":{"line":183,"column":10}},"84":{"start":{"line":185,"column":8},"end":{"line":185,"column":27}},"85":{"start":{"line":188,"column":0},"end":{"line":188,"column":30}}},"fnMap":{"0":{"name":"(anonymous_0)","decl":{"start":{"line":12,"column":4},"end":{"line":12,"column":5}},"loc":{"start":{"line":12,"column":18},"end":{"line":18,"column":5}},"line":12},"1":{"name":"(anonymous_1)","decl":{"start":{"line":19,"column":4},"end":{"line":19,"column":5}},"loc":{"start":{"line":19,"column":20},"end":{"line":31,"column":5}},"line":19},"2":{"name":"(anonymous_2)","decl":{"start":{"line":26,"column":39},"end":{"line":26,"column":40}},"loc":{"start":{"line":26,"column":51},"end":{"line":29,"column":9}},"line":26},"3":{"name":"(anonymous_3)","decl":{"start":{"line":32,"column":4},"end":{"line":32,"column":5}},"loc":{"start":{"line":32,"column":27},"end":{"line":35,"column":5}},"line":32},"4":{"name":"(anonymous_4)","decl":{"start":{"line":36,"column":4},"end":{"line":36,"column":5}},"loc":{"start":{"line":36,"column":31},"end":{"line":47,"column":5}},"line":36},"5":{"name":"(anonymous_5)","decl":{"start":{"line":48,"column":4},"end":{"line":48,"column":5}},"loc":{"start":{"line":48,"column":32},"end":{"line":60,"column":5}},"line":48},"6":{"name":"(anonymous_6)","decl":{"start":{"line":55,"column":39},"end":{"line":55,"column":40}},"loc":{"start":{"line":55,"column":51},"end":{"line":58,"column":9}},"line":55},"7":{"name":"(anonymous_7)","decl":{"start":{"line":58,"column":18},"end":{"line":58,"column":19}},"loc":{"start":{"line":58,"column":30},"end":{"line":58,"column":54}},"line":58},"8":{"name":"(anonymous_8)","decl":{"start":{"line":61,"column":4},"end":{"line":61,"column":5}},"loc":{"start":{"line":61,"column":26},"end":{"line":64,"column":5}},"line":61},"9":{"name":"(anonymous_9)","decl":{"start":{"line":65,"column":4},"end":{"line":65,"column":5}},"loc":{"start":{"line":65,"column":30},"end":{"line":80,"column":5}},"line":65},"10":{"name":"(anonymous_10)","decl":{"start":{"line":68,"column":24},"end":{"line":68,"column":25}},"loc":{"start":{"line":68,"column":36},"end":{"line":76,"column":9}},"line":68},"11":{"name":"(anonymous_11)","decl":{"start":{"line":81,"column":4},"end":{"line":81,"column":5}},"loc":{"start":{"line":81,"column":30},"end":{"line":94,"column":5}},"line":81},"12":{"name":"(anonymous_12)","decl":{"start":{"line":83,"column":46},"end":{"line":83,"column":47}},"loc":{"start":{"line":83,"column":58},"end":{"line":92,"column":9}},"line":83},"13":{"name":"(anonymous_13)","decl":{"start":{"line":85,"column":43},"end":{"line":85,"column":44}},"loc":{"start":{"line":85,"column":54},"end":{"line":87,"column":13}},"line":85},"14":{"name":"(anonymous_14)","decl":{"start":{"line":95,"column":4},"end":{"line":95,"column":5}},"loc":{"start":{"line":95,"column":47},"end":{"line":99,"column":5}},"line":95},"15":{"name":"(anonymous_15)","decl":{"start":{"line":100,"column":4},"end":{"line":100,"column":5}},"loc":{"start":{"line":100,"column":48},"end":{"line":109,"column":5}},"line":100},"16":{"name":"(anonymous_16)","decl":{"start":{"line":110,"column":4},"end":{"line":110,"column":5}},"loc":{"start":{"line":110,"column":52},"end":{"line":121,"column":5}},"line":110},"17":{"name":"(anonymous_17)","decl":{"start":{"line":122,"column":4},"end":{"line":122,"column":5}},"loc":{"start":{"line":122,"column":48},"end":{"line":129,"column":5}},"line":122},"18":{"name":"(anonymous_18)","decl":{"start":{"line":130,"column":4},"end":{"line":130,"column":5}},"loc":{"start":{"line":130,"column":40},"end":{"line":138,"column":5}},"line":130},"19":{"name":"(anonymous_19)","decl":{"start":{"line":139,"column":4},"end":{"line":139,"column":5}},"loc":{"start":{"line":139,"column":37},"end":{"line":151,"column":5}},"line":139},"20":{"name":"(anonymous_20)","decl":{"start":{"line":152,"column":4},"end":{"line":152,"column":5}},"loc":{"start":{"line":152,"column":36},"end":{"line":160,"column":5}},"line":152},"21":{"name":"(anonymous_21)","decl":{"start":{"line":161,"column":4},"end":{"line":161,"column":5}},"loc":{"start":{"line":161,"column":44},"end":{"line":173,"column":5}},"line":161},"22":{"name":"(anonymous_22)","decl":{"start":{"line":174,"column":4},"end":{"line":174,"column":5}},"loc":{"start":{"line":174,"column":33},"end":{"line":186,"column":5}},"line":174}},"branchMap":{"0":{"loc":{"start":{"line":28,"column":43},"end":{"line":28,"column":115}},"type":"cond-expr","locations":[{"start":{"line":28,"column":86},"end":{"line":28,"column":92}},{"start":{"line":28,"column":95},"end":{"line":28,"column":115}}],"line":28},"1":{"loc":{"start":{"line":28,"column":43},"end":{"line":28,"column":83}},"type":"binary-expr","locations":[{"start":{"line":28,"column":43},"end":{"line":28,"column":60}},{"start":{"line":28,"column":64},"end":{"line":28,"column":83}}],"line":28},"2":{"loc":{"start":{"line":44,"column":8},"end":{"line":45,"column":24}},"type":"if","locations":[{"start":{"line":44,"column":8},"end":{"line":45,"column":24}},{"start":{"line":44,"column":8},"end":{"line":45,"column":24}}],"line":44},"3":{"loc":{"start":{"line":57,"column":43},"end":{"line":57,"column":115}},"type":"cond-expr","locations":[{"start":{"line":57,"column":86},"end":{"line":57,"column":92}},{"start":{"line":57,"column":95},"end":{"line":57,"column":115}}],"line":57},"4":{"loc":{"start":{"line":57,"column":43},"end":{"line":57,"column":83}},"type":"binary-expr","locations":[{"start":{"line":57,"column":43},"end":{"line":57,"column":60}},{"start":{"line":57,"column":64},"end":{"line":57,"column":83}}],"line":57},"5":{"loc":{"start":{"line":72,"column":16},"end":{"line":74,"column":17}},"type":"if","locations":[{"start":{"line":72,"column":16},"end":{"line":74,"column":17}},{"start":{"line":72,"column":16},"end":{"line":74,"column":17}}],"line":72},"6":{"loc":{"start":{"line":86,"column":23},"end":{"line":86,"column":78}},"type":"cond-expr","locations":[{"start":{"line":86,"column":51},"end":{"line":86,"column":70}},{"start":{"line":86,"column":73},"end":{"line":86,"column":78}}],"line":86},"7":{"loc":{"start":{"line":88,"column":12},"end":{"line":90,"column":13}},"type":"if","locations":[{"start":{"line":88,"column":12},"end":{"line":90,"column":13}},{"start":{"line":88,"column":12},"end":{"line":90,"column":13}}],"line":88},"8":{"loc":{"start":{"line":118,"column":8},"end":{"line":119,"column":24}},"type":"if","locations":[{"start":{"line":118,"column":8},"end":{"line":119,"column":24}},{"start":{"line":118,"column":8},"end":{"line":119,"column":24}}],"line":118},"9":{"loc":{"start":{"line":124,"column":8},"end":{"line":127,"column":9}},"type":"if","locations":[{"start":{"line":124,"column":8},"end":{"line":127,"column":9}},{"start":{"line":124,"column":8},"end":{"line":127,"column":9}}],"line":124},"10":{"loc":{"start":{"line":163,"column":8},"end":{"line":170,"column":9}},"type":"if","locations":[{"start":{"line":163,"column":8},"end":{"line":170,"column":9}},{"start":{"line":163,"column":8},"end":{"line":170,"column":9}}],"line":163}},"s":{"0":1,"1":1,"2":1,"3":1,"4":1,"5":1,"6":1,"7":1,"8":1,"9":1,"10":1,"11":1,"12":1,"13":1,"14":0,"15":0,"16":0,"17":0,"18":0,"19":0,"20":0,"21":0,"22":0,"23":0,"24":0,"25":0,"26":0,"27":0,"28":0,"29":0,"30":0,"31":0,"32":0,"33":0,"34":0,"35":0,"36":0,"37":0,"38":0,"39":0,"40":0,"41":0,"42":0,"43":0,"44":0,"45":0,"46":0,"47":0,"48":0,"49":0,"50":0,"51":0,"52":0,"53":0,"54":0,"55":0,"56":0,"57":0,"58":0,"59":0,"60":0,"61":0,"62":0,"63":0,"64":0,"65":0,"66":0,"67":0,"68":0,"69":0,"70":0,"71":0,"72":0,"73":0,"74":0,"75":0,"76":0,"77":0,"78":0,"79":0,"80":0,"81":0,"82":0,"83":0,"84":0,"85":1},"f":{"0":1,"1":0,"2":0,"3":0,"4":0,"5":0,"6":0,"7":0,"8":0,"9":0,"10":0,"11":0,"12":0,"13":0,"14":0,"15":0,"16":0,"17":0,"18":0,"19":0,"20":0,"21":0,"22":0},"b":{"0":[0,0],"1":[0,0],"2":[0,0],"3":[0,0],"4":[0,0],"5":[0,0],"6":[0,0],"7":[0,0],"8":[0,0],"9":[0,0],"10":[0,0]},"inputSourceMap":{"version":3,"file":"/home/wesley/Trybe/App de Receitas2/sd-033-a-project-recipes-app-ts/app/backend/src/models/Drinks.model.ts","sources":["/home/wesley/Trybe/App de Receitas2/sd-033-a-project-recipes-app-ts/app/backend/src/models/Drinks.model.ts"],"names":[],"mappings":";;AAAA,yCAA+B;AAC/B,uFAAwE;AACxE,6FAA2E;AAE3E,6FAA4E;AAC5E,mFAA4E;AAE5E,0EAA4E;AAC5E,6EAAuE;AACvE,6EAAuE;AAEvE,MAAqB,WAAW;IAAhC;QACU,eAAU,GAAG,iCAAe,CAAC;QAC7B,oBAAe,GAAG,+BAAqB,CAAC;QACxC,kBAAa,GAAG,oCAAe,CAAC;QAChC,wBAAmB,GAAG,4BAAmB,CAAC;QAC1C,oBAAe,GAAG,4BAAmB,CAAC;IAyMhD,CAAC;IAvMC,KAAK,CAAC,OAAO;QACX,MAAM,OAAO,GAAG,MAAM,IAAI,CAAC,UAAU,CAAC,OAAO,CAAC;YAC5C,OAAO,EAAE,CAAC;oBACR,KAAK,EAAE,oCAAgB,EAAE,EAAE,EAAE,UAAU,EAAE,UAAU,EAAE,CAAC,aAAa,CAAC;iBACrE,CAAC;YACF,UAAU,EAAE,EAAE,OAAO,EAAE,CAAC,aAAa,CAAC,EAAE;SACzC,CAAC,CAAC;QAEH,MAAM,UAAU,GAAG,OAAO,CAAC,GAAG,CAAC,CAAC,MAAM,EAAE,EAAE;YACxC,MAAM,EAAE,QAAQ,EAAE,GAAG,IAAI,EAAE,GAAG,MAAM,CAAC,MAAM,EAAkB,CAAC;YAC9D,OAAO,EAAE,GAAG,IAAI,EAAE,WAAW,EAAE,QAAQ,aAAR,QAAQ,uBAAR,QAAQ,CAAE,WAAW,EAAE,CAAC;QACzD,CAAC,CAAC,CAAC;QAEH,OAAO,UAAU,CAAC;IACpB,CAAC;IAED,KAAK,CAAC,YAAY,CAAC,EAAU;QAC3B,MAAM,MAAM,GAAG,MAAM,IAAI,CAAC,UAAU,CAAC,QAAQ,CAAC,EAAE,CAAC,CAAC;QAClD,OAAO,MAAM,CAAC;IAChB,CAAC;IAED,KAAK,CAAC,iBAAiB,CAAC,CAAS;QAC/B,MAAM,UAAU,GAAG,MAAM,IAAI,CAAC,UAAU,CAAC,OAAO,CAAC;YAC/C,KAAK,EAAE;gBACL,QAAQ,EAAE;oBACR,CAAC,cAAE,CAAC,IAAI,CAAC,EAAE,IAAI,CAAC,GAAG;iBACpB;aACF;SACF,CAAC,CAAC;QAEH,IAAI,CAAC,UAAU;YAAE,OAAO,IAAI,CAAC;QAE7B,OAAO,UAAU,CAAC;IACpB,CAAC;IAED,KAAK,CAAC,kBAAkB,CAAC,CAAS;QAChC,MAAM,OAAO,GAAG,MAAM,IAAI,CAAC,UAAU,CAAC,OAAO,CAAC;YAC5C,OAAO,EAAE,CAAC;oBACR,KAAK,EAAE,oCAAgB,EAAE,EAAE,EAAE,UAAU,EAAE,UAAU,EAAE,CAAC,aAAa,CAAC;iBACrE,CAAC;YACF,UAAU,EAAE,EAAE,OAAO,EAAE,CAAC,aAAa,CAAC,EAAE;SACzC,CAAC,CAAC;QAEH,MAAM,UAAU,GAAG,OAAO,CAAC,GAAG,CAAC,CAAC,MAAM,EAAE,EAAE;YACxC,MAAM,EAAE,QAAQ,EAAE,GAAG,IAAI,EAAE,GAAG,MAAM,CAAC,MAAM,EAAkB,CAAC;YAC9D,OAAO,EAAE,GAAG,IAAI,EAAE,WAAW,EAAE,QAAQ,aAAR,QAAQ,uBAAR,QAAQ,CAAE,WAAW,EAAE,CAAC;QACzD,CAAC,CAAC,CAAC,MAAM,CAAC,CAAC,MAAM,EAAE,EAAE,CAAC,MAAM,CAAC,WAAW,KAAK,CAAC,CAAC,CAAC;QAEhD,OAAO,UAAU,CAAA;IACnB,CAAC;IAED,KAAK,CAAC,aAAa;QACjB,MAAM,UAAU,GAAG,MAAM,IAAI,CAAC,aAAa,CAAC,OAAO,EAAE,CAAC;QACtD,OAAO,UAAU,CAAC;IACpB,CAAC;IAED,KAAK,CAAC,iBAAiB;QACrB,MAAM,OAAO,GAAG,MAAM,IAAI,CAAC,OAAO,EAAE,CAAC;QACrC,MAAM,iBAAiB,GAAU,EAAE,CAAC;QACpC,OAAO,CAAC,OAAO,CAAC,CAAC,MAAM,EAAE,EAAE;YACzB,KAAI,IAAI,CAAC,GAAG,CAAC,EAAE,CAAC,IAAI,EAAE,EAAE,CAAC,IAAI,CAAC,EAAE;gBAC9B,MAAM,aAAa,GAAG,gBAAgB,CAAC,EAAwB,CAAC;gBAChE,MAAM,UAAU,GAAG,MAAM,CAAC,aAAa,CAAC,CAAC;gBACzC,IAAG,UAAU,EAAE;oBACb,iBAAiB,CAAC,IAAI,CAAC,UAAU,CAAC,CAAC;iBACpC;aACF;QACH,CAAC,CAAC,CAAC;QACH,MAAM,UAAU,GAAG,IAAI,GAAG,CAAC,iBAAiB,CAAC,CAAC;QAC9C,MAAM,cAAc,GAAG,KAAK,CAAC,IAAI,CAAC,UAAU,CAAC,CAAC;QAC9C,OAAO,cAAc,CAAC;IACxB,CAAC;IAED,KAAK,CAAC,gBAAgB,CAAC,CAAS;QAC9B,MAAM,OAAO,GAAG,MAAM,IAAI,CAAC,OAAO,EAAE,CAAC;QACr
[...]
   \"Oyster Sauce\",\n    \"Cherry Tomatoes\",\n    \"Salmon\",\n    \"Black Olives\",\n    \"Ricotta\",\n    \"Lemons\",\n    \"Dark Rum\",\n    \"Maple Syrup\",\n    \"Nutmeg\",\n    \"Breadcrumbs\",\n    \"Red Onions\",\n    \"Bread\",\n    \"Pork\",\n    \"Barbeque Sauce\",\n    \"Hotsauce\",\n    \"Rice\",\n    \"Cucumber\",\n    \"Ground Beef\",\n    \"Minced Beef\",\n    \"Sesame Seed Burger Buns\",\n    \"Iceberg Lettuce\",\n    \"Cheese\",\n    \"Dill Pickles\",\n    \"Mayonnaise\",\n    \"White Wine Vinegar\",\n    \"Onion Salt\",\n    \"Garlic Powder\",\n    \"Paprika\",\n    \"Kielbasa\",\n    \"Cabbage\",\n    \"Sauerkraut\",\n    \"Basil\",\n    \"Marjoram\",\n    \"Caraway Seed\",\n    \"Diced Tomatoes\",\n    \"Worcestershire Sauce\",\n    \"Spring Onions\",\n    \"Egg White\",\n    \"Bicarbonate Of Soda\",\n    \"Cinnamon Stick\",\n    \"Star Anise\",\n    \"Coconut Cream\",\n    \"Filo Pastry\",\n    \"Black Pepper\",\n    \"Green Pepper\",\n    \"Chilli Powder\",\n    \"Beef Stock Concentrate\",\n    \"Beetroot\",\n    \"Chicken Stock Cube\",\n    \"Cannellini Beans\",\n    \"Dill\",\n    \"Buckwheat\",\n    \"Plain chocolate\",\n    \"Granulated Sugar\",\n    \"Enchilada sauce\",\n    \"shredded Monterey Jack cheese\",\n    \"corn tortillas\",\n    \"chicken breasts\",\n    \"Parmesan Cheese\",\n    \"Plum tomatoes\",\n    \"White Vinegar\",\n    \"Honey\",\n    \"salted butter\",\n    \"dark soft brown sugar\",\n    \"golden syrup\",\n    \"orange\",\n    \"rolled oats\",\n    \"Christmas pudding\",\n    \"Ginger paste\",\n    \"Vegetable oil\",\n    \"Cumin seeds\",\n    \"Coriander seeds\",\n    \"Turmeric powder\",\n    \"Chilli powder\",\n    \"Green chilli\",\n    \"Cream\",\n    \"fenugreek\",\n    \"Garam masala\",\n    \"Squash\",\n    \"onion\",\n    \"garlic\",\n    \"red pepper flakes\",\n    \"white wine\",\n    \"heavy cream\",\n    \"Parmesan cheese\",\n    \"bowtie pasta\",\n    \"macaroni\",\n    \"chicken stock\",\n    \"fajita seasoning\",\n    \"chicken breast\",\n    \"olive oil\",\n    \"red pepper\",\n    \"cheddar cheese\",\n    \"parsley\",\n    \"cajun\",\n    \"cayenne pepper\",\n    \"white fish\",\n    \"vegetable oil\",\n    \"flour tortilla\",\n    \"avocado\",\n    \"little gem lettuce\",\n    \"spring onion\",\n    \"salsa\",\n    \"sour cream\",\n    \"lemon\",\n    \"Chicken Breasts\",\n    \"Vinaigrette Dressing\",\n    \"Smoked Paprika\",\n    \"Refried Beans\",\n    \"Hard Taco Shells\",\n    \"Shredded Mexican Cheese\",\n    \"Grape Tomatoes\",\n    \"Jalapeno\",\n    \"Avocado\",\n    \"Green Salsa\",\n    \"Sour Cream\",\n    \"Chicken thigh\",\n    \"Soy sauce\",\n    \"Sake\",\n    \"Granulated sugar\",\n    \"Potato starch\",\n    \"Chicken Legs\",\n    \"Brandy\",\n    \"Chicken Stock\",\n    \"tomato puree\",\n    \"thyme\",\n    \"bay leaves\",\n    \"chestnut mushroom\",\n    \"Linguine Pasta\",\n    \"Sugar Snap Peas\",\n    \"Red Chilli\",\n    \"King Prawns\",\n    \"Basil Leaves\",\n    \"Lettuce\",\n    \"Fromage Frais\",\n    \"Clams\",\n    \"Chopped Tomatoes\",\n    \"Passata\",\n    \"Vegetable Stock Cube\",\n    \"Whole Milk\",\n    \"Mustard Powder\",\n    \"Sweetcorn\",\n    \"Chicken Breast\",\n    \"Harissa Spice\",\n    \"Dried Apricots\",\n    \"Chickpeas\",\n    \"Couscous\",\n    \"Cacao\",\n    \"Vanilla\",\n    \"Sea Salt\",\n    \"Cream Cheese\",\n    \"Light Brown Soft Sugar\",\n    \"Dark Brown Soft Sugar\",\n    \"Dark Chocolate Chips\",\n    \"Dark Chocolate\",\n    \"Milk Chocolate\",\n    \"Salted Butter\",\n    \"Cocoa\",\n    \"Red Wine Vinegar\",\n    \"Corn Tortillas\",\n    \"White Wine\",\n    \"Ham\",\n    \"Free-range Egg, Beaten\",\n    \"Cold Water\",\n    \"Tinned Tomatos\",\n    \"Gruyere cheese\",\n    \"Walnuts\",\n    \"White Flour\",\n    \"Brown Sugar\",\n    \"Dried Fruit\",\n    \"Single Cream\",\n    \"Red Wine Jelly\",\n    \"Shortcrust Pastry\",\n    \"Muscovado Sugar\",\n    \"Raisins\",\n    \"Sun-Dried Tomatoes\",\n    \"Basmati Rice\",\n    \"Dry White Wine\",\n    \"Kale\",\n    \"Ginger Cordial\",\n    \"Mars Bar\",\n    \"Rice Krispies\",\n    \"Chili Powder\",\n    \"Cashew Nuts\",\n    \"Orange Blossom Water\",\n    \"Lentils\",\n    \"Red Pepper Flakes\",\n    \"Orange\",\n    \"Grand Marnier\",\n    \"Christmas Pudding\",\n    \"Custard\",\n    \"Mascarpone\",\n    \"Flaked Almonds\",\n    \"Bramley Apples\",\n    \"Candied Peel\",\n    \"Ground Almonds\",\n    \"Sherry\",\n    \"Glace Cherry\",\n    \"Currants\",\n    \"Mixed Spice\",\n    \"Rose water\",\n    \"Small Potatoes\",\n    \"Italian Fennel Sausages\",\n    \"Shiitake Mushrooms\",\n    \"Quinoa\",\n    \"Feta\",\n    \"Pickle Juice\",\n    \"Celery Salt\",\n    \"Pork Chops\",\n    \"Cider\",\n    \"Minced Pork\",\n    \"Courgettes\",\n    \"Lamb Shoulder\",\n    \"Garlic Sauce\",\n    \"Mozzarella\",\n    \"Egg Plants\",\n    \"Sesame Seed\",\n    \"Toor dal\",\n    \"Ghee\",\n    \"Chopped tomatoes\",\n    \"Mustard Seeds\",\n    \"Cilantro\",\n    \"Garam Masala\",\n    \"Apricot Jam\",\n    \"Duck Legs\",\n    \"strawberries\",\n    \"meringue nests\",\n    \"ginger cordial\",\n    \"Mixed Peel\",\n    \"Black Pudding\",\n    \"Red Snapper\",\n    \"Yellow Pepper\",\n    \"Scotch Bonnet\",\n    \"Malt Vinegar\",\n    \"Peas\",\n    \"Pita Bread\",\n    \"Ground Pork\",\n    \"Rice Vinegar\",\n    \"Floury Potatoes\",\n    \"Semi-skimmed Milk\",\n    \"White Fish Fillets\",\n    \"Plain flour\",\n    \"Jerusalem Artichokes\",\n    \"Prawns\",\n    \"Gruyère\",\n    \"Carrot\",\n    \"French Lentils\",\n    \"Clotted Cream\",\n    \"Fettuccine\",\n    \"Baked Beans\",\n    \"Lard\",\n    \"Cheddar Cheese\",\n    \"Parmesan\",\n    \"Tarragon\",\n    \"Chives\",\n    \"Fish Stock\",\n    \"Mussels\",\n    \"White Fish\",\n    \"Strawberries\",\n    \"Blackberries\",\n    \"Broad Beans\",\n    \"Haddock\",\n    \"Green Chilli\",\n    \"Cumin Seeds\",\n    \"Sardines\",\n    \"Heavy Cream\",\n    \"Cod\",\n    \"Raw king prawns\",\n    \"Chopped onion\",\n    \"Freshly chopped parsley\",\n    \"White wine\",\n    \"Minced garlic\",\n    \"Cubed Feta cheese\",\n    \"Macaroni\",\n    \"Garlic powder\",\n    \"Kosher salt\",\n    \"Black pepper\",\n    \"Cayenne pepper\",\n    \"Monterey Jack Cheese\",\n    \"garlic powder\",\n    \"Colby Jack Cheese\",\n    \"Duck Sauce\",\n    \"Gochujang\",\n    \"Dried Oregano\",\n    \"Chopped Parsley\",\n    \"Chocolate Chips\",\n    \"Condensed Milk\",\n    \"White Chocolate Chips\",\n    \"Miniature Marshmallows\",\n    \"Wood Ear Mushrooms\",\n    \"Tofu\",\n    \"Vinegar\",\n    \"Digestive Biscuits\",\n    \"Greek Yogurt\",\n    \"Fruit Mix\",\n    \"whole wheat\",\n    \"lamb loin chops\",\n    \"shallots\",\n    \"carrots\",\n    \"turnips\",\n    \"celeriac\",\n    \"charlotte potatoes\",\n    \"fresh thyme\",\n    \"oregano\",\n    \"Raspberry Jam\",\n    \"Kidney Beans\",\n    \"Curry Powder\",\n    \"Sushi Rice\",\n    \"Mirin\",\n    \"Fries\",\n    \"Doner Meat\",\n    \"Garlic sauce\",\n    \"Gouda cheese\",\n    \"paprika\",\n    \"onion salt\",\n    \"chili powder\",\n    \"black pepper\",\n    \"celery salt\",\n    \"sage\",\n    \"allspice\",\n    \"basil\",\n    \"marjoram\",\n    \"egg\",\n    \"breadcrumbs\",\n    \"onions\",\n    \"carrot\",\n    \"curry powder\",\n    \"honey\",\n    \"soy sauce\",\n    \"bay leaf\",\n    \"garam masala\",\n    \"Smoked Haddock\",\n    \"Water Chestnut\",\n    \"Peanuts\",\n    \"Sunflower Oil\",\n    \"Chilli\",\n    \"Ras el hanout\",\n    \"Pumpkin\",\n    \"Lamb\",\n    \"Saffron\",\n    \"Red Chile Flakes\",\n    \"Shortening\",\n    \"Canola Oil\",\n    \"Boiling Water\",\n    \"Brown Lentils\",\n    \"ginger\",\n    \"tomatoes\",\n    \"lemon juice\",\n    \"vine leaves\",\n    \"fennel bulb\",\n    \"lamb mince\",\n    \"potato\",\n    \"basmati rice\",\n    \"chopped parsley\",\n    \"coriander\",\n    \"clove\",\n    \"Cashew nuts\",\n    \"Khus khus\",\n    \"Ginger garlic paste\",\n    \"Basmati rice\",\n    \"Full fat yogurt\",\n    \"Bay leaf\",\n    \"Red Chilli powder\",\n    \"Biryani masala\",\n    \"Madras Paste\",\n    \"cinnamon stick\",\n    \"Clove\",\n    \"Tomato Purée\",\n    \"Greek yogurt\",\n    \"red chili\",\n    \"Thai red curry paste\",\n    \"vegetable stock cube\",\n    \"coconut milk\",\n    \"fish sauce\",\n    \"rice noodles\",\n    \"lime\",\n    \"king prawns\",\n    \"Lamb Leg\",\n    \"Butternut Squash\",\n    \"Lasagne Sheets\",\n    \"Mozzarella Balls\",\n    \"Lamb Kidney\",\n    \"Chopped Onion\",\n    \"Bulgur Wheat\",\n    \"Lamb Mince\",\n    \"Bun\",\n    \"Prunes\",\n    \"mozzarella balls\",\n    \"baby plum tomatoes\",\n    \"fresh basil\",\n    \"farfalle\",\n    \"extra virgin olive oil\",\n    \"Green Olives\",\n    \"tuna\",\n    \"pepper\",\n    \"Coconut cream\",\n    \"Massaman curry paste\",\n    \"Tamarind paste\",\n    \"Brown sugar\",\n    \"Fish Sauce\",\n    \"chilli\",\n    \"Jasmine Rice\",\n    \"Chestnuts\",\n    \"Wild Mushrooms\",\n    \"Sage\",\n    \"Truffle Oil\",\n    \"Paneer\",\n    \"Naan Bread\",\n    \"Doubanjiang\",\n    \"Fermented Black Beans\",\n    \"Sichuan pepper\",\n    \"Scallions\",\n    \"Goat Meat\",\n    \"Mincemeat\",\n    \"Mulukhiyah\",\n    \"Chinese Broccoli\",\n    \"Desiccated Coconut\",\n    \"Custard Powder\",\n    \"Ginger Paste\",\n    \"Anchovy Fillet\",\n    \"Veal\",\n    \"Orange Zest\",\n    \"Lemon Zest\",\n    \"Oxtail\",\n    \"Fresh Thyme\",\n    \"rice stick noodles\",\n    \"dark soy sauce\",\n    \"oyster sauce\",\n    \"white vinegar\",\n    \"water\",\n    \"peanut oil\",\n    \"Chinese broccoli\",\n    \"Spinach\",\n    \"Beef Gravy\",\n    \"Cheese Curds\",\n    \"Spaghetti\",\n    \"Pilchards\",\n    \"Fennel Seeds\",\n    \"Haricot Beans\",\n    \"Blueberries\",\n    \"Peanut Cookies\",\n    \"Gelatine Leafs\",\n    \"Golden Syrup\",\n    \"Peanut Brittle\",\n    \"Peaches\",\n    \"Oatmeal\",\n    \"Ground Ginger\",\n    \"Pears\",\n    \"Rocket\",\n    \"Tiger Prawns\",\n    \"Creamed Corn\",\n    \"Ciabatta\",\n    \"Squid\",\n    \"Baguette\",\n    \"Italian fennel sausages\",\n    \"smoky paprika\",\n    \"fennel seeds\",\n    \"red wine\",\n    \"chopped tomatoes\",\n    \"pitted black olives\",\n    \"rigatoni\",\n    \"pecorino\",\n    \"anchovy fillet\",\n    \"basil leaves\",\n    \"Mackerel\",\n    \"Red Chili\",\n    \"Tamarind ball\",\n    \"Canned tomatoes\",\n    \"Wholegrain Bread\",\n    \"Red Onion\",\n    \"Apple Cider Vinegar\",\n    \"Pine nuts\",\n    \"Baby Aubergine\",\n    \"Paella Rice\",\n    \"Frozen Peas\",\n    \"Jam\",\n    \"lean minced beef\",\n    \"dried oregano\",\n    \"hot beef stock\",\n    \"worcestershire sauce\",\n    \"spaghetti\",\n    \"parmesan\",\n    \"penne rigate\",\n    \"red chile flakes\",\n    \"italian seasoning\",\n    \"Parmigiano-Reggiano\",\n    \"Cashews\",\n    \"Medjool dates\",\n    \"vanilla extract\",\n    \"self-raising flour\",\n    \"bicarbonate of soda\",\n    \"demerara sugar\",\n    \"black treacle\",\n    \"ice cream\",\n    \"muscovado sugar\",\n    \"Spring onions\",\n    \"Harissa\",\n    \"Ground cumin\",\n    \"rice\",\n    \"vegetable stock\",\n    \"salmon\",\n    \"asparagus\",\n    \"Pretzels\",\n    \"Caramel\",\n    \"Caramel Sauce\",\n    \"Toffee Popcorn\",\n    \"Vermicelli\",\n    \"Monkfish\",\n    \"Baby Squid\",\n    \"Vine Tomatoes\",\n    \"Redcurrants\",\n    \"Dijon Mustard\",\n    \"Tabasco Sauce\",\n    \"Salt Cod\",\n    \"Ackee\",\n    \"Cooking wine\",\n    \"Rice Stick Noodles\",\n    \"English Muffins\",\n    \"Smoked Salmon\",\n    \"Pecorino\",\n    \"Apples\",\n    \"Zucchini\",\n    \"Rhubarb\",\n    \"Herring\",\n    \"Rice wine\",\n    \"Black Beans\",\n    \"brown sugar\",\n    \"ground ginger\",\n    \"minced garlic\",\n    \"cornstarch\",\n    \"stir-fry vegetables\",\n    \"brown rice\",\n    \"lemons\",\n    \"red onions\",\n    \"chicken thighs\",\n    \"garlic clove\",\n    \"ground cumin\",\n    \"chilli powder\",\n    \"turmeric\",\n    \"potatoes\",\n    \"green beans\",\n    \"Thai green curry paste\",\n    \"Thai fish sauce\",\n    \"sausages\",\n    \"horseradish\",\n    \"cherry tomatoes\",\n    \"Turkey Mince\",\n    \"Capers\",\n    \"Tuna\",\n    \"Tahini\",\n    \"Goats Cheese\",\n    \"green red lentils\",\n    \"zucchini\",\n    \"spinach\",\n    \"lasagne sheets\",\n    \"vegan butter\",\n    \"flour\",\n    \"soya milk\",\n    \"mustard\",\n    \"vinegar\",\n    \"self raising flour\",\n    \"coco sugar\",\n    \"cacao\",\n    \"baking powder\",\n    \"flax eggs\",\n    \"almond milk\",\n    \"vanilla\",\n    \"Rice Vermicelli\",\n    \"Egg Rolls\",\n    \"Paccheri Pasta\",\n    \"Roasted Vegetables\",\n    \"Mixed Grain\",\n    \"Kosher Salt\",\n    \"Wonton Skin\",\n    \"Udon Noodles\"\n  ]\n};\n\nexport const recipeById = {\n  \"idMeal\": 104,\n  \"strMeal\": \"Fish pie\",\n  \"strDrinkAlternate\": null,\n  \"strArea\": \"British\",\n  \"strInstructions\": \"01.Put the potatoes in a large pan of cold salted water and bring to the boil. Lower the heat, cover, then simmer gently for 15 minutes until tender. Drain, then return to the pan over a low heat for 30 seconds to drive off any excess water. Mash with 1 tbsp olive oil, then season.\\r\\n02.Meanwhile put the milk in a large sauté pan, add the fish and bring to the boil. Remove from the heat, cover and stand for 3 minutes. Remove the fish (reserving the milk) and pat dry with kitchen paper, then gently flake into an ovenproof dish, discarding the skin and any bones.\\r\\n03.Heat the remaining oil in a pan, stir in the flour and cook for 30 seconds. Gradually stir in 200-250ml of the reserved milk (discard the rest). Grate in nutmeg, season, then bubble until thick. Stir in the cream.\\r\\n04.Preheat the oven to 190°C/fan170°C/gas 5. Grate the artichokes and add to the dish with the leek, prawns and herbs. Stir the lemon zest and juice into the sauce, then pour over. Mix gently with a wooden spoon.\\r\\n05.Spoon the mash onto the fish mixture, then use a fork to make peaks, which will crisp and brown as it cooks. Sprinkle over the cheese, then bake for 35-40 minutes until golden and bubbling. Serve with wilted greens.\",\n  \"strMealThumb\": \"https://www.themealdb.com/images/media/meals/ysxwuq1487323065.jpg\",\n  \"strTags\": \"Fish,Pie,Breakfast,Baking\",\n  \"strYoutube\": \"https://www.youtube.com/watch?v=2sX4fCgg-UI\",\n  \"strIngredient1\": \"Floury Potatoes\",\n  \"strIngredient2\": \"Olive Oil\",\n  \"strIngredient3\": \"Semi-skimmed Milk\",\n  \"strIngredient4\": \"White Fish Fillets\",\n  \"strIngredient5\": \"Plain flour\",\n  \"strIngredient6\": \"Nutmeg\",\n  \"strIngredient7\": \"Double Cream\",\n  \"strIngredient8\": \"Jerusalem Artichokes\",\n  \"strIngredient9\": \"Leek\",\n  \"strIngredient10\": \"Prawns\",\n  \"strIngredient11\": \"Parsley\",\n  \"strIngredient12\": \"Dill\",\n  \"strIngredient13\": \"Lemon\",\n  \"strIngredient14\": \"Gruyère\",\n  \"strIngredient15\": \"Lemon\",\n  \"strIngredient16\": \"\",\n  \"strIngredient17\": \"\",\n  \"strIngredient18\": \"\",\n  \"strIngredient19\": \"\",\n  \"strIngredient20\": \"\",\n  \"strMeasure1\": \"900g\",\n  \"strMeasure2\": \"2 tbsp\",\n  \"strMeasure3\": \"600ml\",\n  \"strMeasure4\": \"800g\",\n  \"strMeasure5\": \"1 tbsp\",\n  \"strMeasure6\": \"Grating\",\n  \"strMeasure7\": \"3 tbsp\",\n  \"strMeasure8\": \"200g\",\n  \"strMeasure9\": \"1 finely sliced\",\n  \"strMeasure10\": \"200g peeled raw\",\n  \"strMeasure11\": \"Large handful\",\n  \"strMeasure12\": \"Handful\",\n  \"strMeasure13\": \"Grated zest of 1\",\n  \"strMeasure14\": \"25g grated\",\n  \"strMeasure15\": \"Juice of 1\",\n  \"strMeasure16\": \"\",\n  \"strMeasure17\": \"\",\n  \"strMeasure18\": \"\",\n  \"strMeasure19\": \"\",\n  \"strMeasure20\": \"\",\n  \"strSource\": \"\",\n  \"strImageSource\": null,\n  \"strCreativeCommonsConfirmed\": null,\n  \"dateModified\": null,\n  \"strCategory\": \"Seafood\"\n};\n\nexport const inProgressDefault = {\n  dataValues: {\n    id: 2,\n    userId: '3',\n    mealId: '3',\n    markedIngredients: startMealRecipeInProgress()\n  }\n};\n\nexport const formattedInProgressDefault = {\n  id: 2,\n  userId: '3',\n  mealId: '3',\n  markedIngredients: startMealRecipeInProgress()\n};\n\nexport const favoriteRecipes = [\n  {\n    userId: 2,\n    favoriteRecipes: {\n      idMeal: 1,\n      strMeal: 'Apple Frangipan Tart',\n      strMealThumb: 'https://www.themealdb.com/images/media/meals/wxywrq1468235067.jpg',\n      strArea: 'British'\n    }\n  },\n  {\n    userId: 2,\n    favoriteRecipes: {\n      idMeal: 2,\n      strMeal: 'Apple & Blackberry Crumble',\n      strMealThumb: 'https://www.themealdb.com/images/media/meals/xvsurr1511719182.jpg',\n      strArea: 'British'\n    }\n  },\n  {\n    userId: 2,\n    favoriteRecipes: {\n      idMeal: 4,\n      strMeal: 'Ayam Percik',\n      strMealThumb: 'https://www.themealdb.com/images/media/meals/020z181619788503.jpg',\n      strArea: 'Malaysian'\n    }\n  },\n  {\n    userId: 2,\n    favoriteRecipes: {\n      idMeal: 5,\n      strMeal: 'Bakewell tart',\n      strMealThumb: 'https://www.themealdb.com/images/media/meals/wyrqqq1468233628.jpg',\n      strArea: 'British'\n    }\n  },\n];\n\nexport const createFavorite = {\n  dataValues: { userId: 2, mealId: 14 }\n}\n\nexport const doneRecipes = [\n\t{\n\t\t\"userId\": 2,\n\t\t\"finishedRecipes\": {\n\t\t\t\"idMeal\": 1,\n\t\t\t\"strMeal\": \"Apple Frangipan Tart\",\n\t\t\t\"strMealThumb\": \"https://www.themealdb.com/images/media/meals/wxywrq1468235067.jpg\",\n\t\t\t\"strArea\": \"British\"\n\t\t}\n\t}\n];"]},"_coverageSchema":"1a1c01bbd47fc00a2c39e90264f33305004495a9","hash":"cd58338e047d804a6d27f72a8b0b810cbff06475","contentHash":"695a8d6b1a58e88f7744dd686741c79aee25679256a91c9f4eb221d17c7702f6"},"/home/wesley/Trybe/App de Receitas2/sd-033-a-project-recipes-app-ts/app/backend/src/tests/mocks/user.mock.ts":{"path":"/home/wesley/Trybe/App de Receitas2/sd-033-a-project-recipes-app-ts/app/backend/src/tests/mocks/user.mock.ts","statementMap":{"0":{"start":{"line":2,"column":0},"end":{"line":2,"column":62}},"1":{"start":{"line":3,"column":0},"end":{"line":3,"column":65}},"2":{"start":{"line":5,"column":0},"end":{"line":13,"column":2}},"3":{"start":{"line":14,"column":0},"end":{"line":17,"column":2}},"4":{"start":{"line":18,"column":0},"end":{"line":20,"column":2}}},"fnMap":{},"branchMap":{},"s":{"0":1,"1":1,"2":1,"3":1,"4":1},"f":{},"b":{},"inputSourceMap":{"version":3,"file":"/home/wesley/Trybe/App de Receitas2/sd-033-a-project-recipes-app-ts/app/backend/src/tests/mocks/user.mock.ts","sources":["/home/wesley/Trybe/App de Receitas2/sd-033-a-project-recipes-app-ts/app/backend/src/tests/mocks/user.mock.ts"],"names":[],"mappings":";;;AAAuD,CAAC;AAE3C,QAAA,WAAW,GAAG;IACzB,UAAU,EAAE;QACV,UAAU,EAAE,MAAM;QAClB,MAAM,EAAE,MAAM;QACd,OAAO,EAAE,eAAe;QACxB,cAAc,EAAE,IAAI;QACpB,UAAU,EAAE,8DAA8D;KAC3E;CACF,CAAA;AAEY,QAAA,SAAS,GAAc;IAClC,OAAO,EAAE,eAAe;IACzB,UAAU,EAAE,aAAa;CACzB,CAAA;AAEY,QAAA,KAAK,GAAG;IACpB,OAAO,EAAE,+LAA+L;CACxM,CAAA","sourcesContent":["interface LoginMock { email: string, password: string };\n\nexport const findOneUser = {\n  dataValues: {\n    \"username\": \"User\",\n    \"role\": \"user\",\n    \"email\": \"user@user.com\",\n    \"profileImage\": null,\n    \"password\": \"$2a$08$Y8Abi8jXvsXyqm.rmp0B.uQBA5qUz7T6Ghlg/CvVr/gLxYj5UAZVO\"\n  }\n}\n\nexport const validUser: LoginMock = {\n  \"email\": \"user@user.com\",\n\t\"password\": \"secret_user\"\n}\n\nexport const token = {\n\t\"token\": \"eyJhbGciOiJIUzI1NiIsInR5cCI6IkpXVCJ9.eyJzdWIiOjIsInJvbGUiOiJ1c2VyIiwiZW1haWwiOiJ1c2VyQHVzZXIuY29tIiwiaWF0IjoxNzExMzk4MDk5LCJleHAiOjE3MTIwMDI4OTl9.MzxZ73eycufVeI9HXBcoXBBaGowyO_VsbMZ2D4oGvqs\"\n}"]},"_coverageSchema":"1a1c01bbd47fc00a2c39e90264f33305004495a9","hash":"e9db76ff8f6592220422cc1903e608978753c511","contentHash":"8dd86cc8461a523947642c22145927d6782315ab92a184bbbe6b4fd8cc8daa96"}}